{"/home/travis/build/npmtest/node-npmtest-express-mongoose-generator/test.js":{"path":"/home/travis/build/npmtest/node-npmtest-express-mongoose-generator/test.js","s":{"1":2,"2":2,"3":2,"4":2,"5":2,"6":2,"7":2,"8":1,"9":2,"10":2,"11":1,"12":1,"13":1,"14":1,"15":2,"16":2,"17":2,"18":2,"19":1,"20":1,"21":2,"22":2,"23":2,"24":1,"25":1,"26":1,"27":1,"28":1,"29":1,"30":1,"31":1,"32":1,"33":1,"34":1,"35":1,"36":1,"37":1,"38":1,"39":2,"40":2,"41":1,"42":2,"43":2,"44":1,"45":2,"46":2,"47":1,"48":2,"49":2,"50":1,"51":1,"52":1,"53":1,"54":1},"b":{"1":[2,1,1,1],"2":[1,1,1,1],"3":[1,1],"4":[1,1],"5":[1,1],"6":[1,1],"7":[1,1],"8":[1,1],"9":[1,1],"10":[1,1,1],"11":[1,1],"12":[1,1],"13":[1,1],"14":[1,1],"15":[1,1],"16":[1,1],"17":[1,1]},"f":{"1":2,"2":2,"3":2,"4":2,"5":2,"6":1,"7":1,"8":1,"9":2,"10":2,"11":2,"12":2,"13":1},"fnMap":{"1":{"name":"(anonymous_1)","line":12,"loc":{"start":{"line":12,"column":1},"end":{"line":12,"column":13}}},"2":{"name":"(anonymous_2)","line":19,"loc":{"start":{"line":19,"column":5},"end":{"line":19,"column":17}}},"3":{"name":"(anonymous_3)","line":23,"loc":{"start":{"line":23,"column":24},"end":{"line":23,"column":36}}},"4":{"name":"(anonymous_4)","line":61,"loc":{"start":{"line":61,"column":5},"end":{"line":61,"column":17}}},"5":{"name":"(anonymous_5)","line":82,"loc":{"start":{"line":82,"column":5},"end":{"line":82,"column":17}}},"6":{"name":"(anonymous_6)","line":91,"loc":{"start":{"line":91,"column":77},"end":{"line":94,"column":10}}},"7":{"name":"(anonymous_7)","line":112,"loc":{"start":{"line":112,"column":83},"end":{"line":115,"column":10}},"skip":true},"8":{"name":"(anonymous_8)","line":123,"loc":{"start":{"line":123,"column":77},"end":{"line":126,"column":10}},"skip":true},"9":{"name":"(anonymous_9)","line":139,"loc":{"start":{"line":139,"column":12},"end":{"line":139,"column":40}},"skip":true},"10":{"name":"(anonymous_10)","line":147,"loc":{"start":{"line":147,"column":77},"end":{"line":150,"column":10}},"skip":true},"11":{"name":"(anonymous_11)","line":158,"loc":{"start":{"line":158,"column":83},"end":{"line":161,"column":10}},"skip":true},"12":{"name":"(anonymous_12)","line":169,"loc":{"start":{"line":169,"column":79},"end":{"line":172,"column":10}},"skip":true},"13":{"name":"(anonymous_13)","line":180,"loc":{"start":{"line":180,"column":75},"end":{"line":183,"column":10}},"skip":true}},"statementMap":{"1":{"start":{"line":12,"column":0},"end":{"line":195,"column":5}},"2":{"start":{"line":14,"column":4},"end":{"line":14,"column":14}},"3":{"start":{"line":19,"column":4},"end":{"line":56,"column":9}},"4":{"start":{"line":21,"column":8},"end":{"line":21,"column":19}},"5":{"start":{"line":23,"column":8},"end":{"line":35,"column":13}},"6":{"start":{"line":24,"column":12},"end":{"line":34,"column":13}},"7":{"start":{"line":25,"column":16},"end":{"line":28,"column":30}},"8":{"start":{"line":30,"column":16},"end":{"line":33,"column":27}},"9":{"start":{"line":37,"column":8},"end":{"line":39,"column":21}},"10":{"start":{"line":40,"column":8},"end":{"line":53,"column":9}},"11":{"start":{"line":43,"column":12},"end":{"line":46,"column":14}},"12":{"start":{"line":47,"column":12},"end":{"line":47,"column":18}},"13":{"start":{"line":50,"column":12},"end":{"line":51,"column":46}},"14":{"start":{"line":52,"column":12},"end":{"line":52,"column":18}},"15":{"start":{"line":55,"column":8},"end":{"line":55,"column":35}},"16":{"start":{"line":61,"column":4},"end":{"line":63,"column":9}},"17":{"start":{"line":62,"column":8},"end":{"line":62,"column":15}},"18":{"start":{"line":64,"column":4},"end":{"line":77,"column":5}},"19":{"start":{"line":70,"column":8},"end":{"line":70,"column":14}},"20":{"start":{"line":76,"column":8},"end":{"line":76,"column":14}},"21":{"start":{"line":82,"column":4},"end":{"line":84,"column":9}},"22":{"start":{"line":83,"column":8},"end":{"line":83,"column":15}},"23":{"start":{"line":85,"column":4},"end":{"line":194,"column":5}},"24":{"start":{"line":91,"column":8},"end":{"line":99,"column":10}},"25":{"start":{"line":98,"column":12},"end":{"line":98,"column":35}},"26":{"start":{"line":102,"column":8},"end":{"line":104,"column":63}},"27":{"start":{"line":105,"column":8},"end":{"line":105,"column":14}},"28":{"start":{"line":112,"column":8},"end":{"line":121,"column":10},"skip":true},"29":{"start":{"line":119,"column":12},"end":{"line":119,"column":55},"skip":true},"30":{"start":{"line":120,"column":12},"end":{"line":120,"column":48},"skip":true},"31":{"start":{"line":123,"column":8},"end":{"line":136,"column":10},"skip":true},"32":{"start":{"line":130,"column":12},"end":{"line":130,"column":76},"skip":true},"33":{"start":{"line":131,"column":12},"end":{"line":131,"column":73},"skip":true},"34":{"start":{"line":132,"column":12},"end":{"line":132,"column":74},"skip":true},"35":{"start":{"line":133,"column":12},"end":{"line":133,"column":79},"skip":true},"36":{"start":{"line":134,"column":12},"end":{"line":134,"column":25},"skip":true},"37":{"start":{"line":135,"column":12},"end":{"line":135,"column":45},"skip":true},"38":{"start":{"line":138,"column":8},"end":{"line":145,"column":14},"skip":true},"39":{"start":{"line":143,"column":16},"end":{"line":143,"column":29},"skip":true},"40":{"start":{"line":144,"column":16},"end":{"line":144,"column":55},"skip":true},"41":{"start":{"line":147,"column":8},"end":{"line":156,"column":10},"skip":true},"42":{"start":{"line":154,"column":12},"end":{"line":154,"column":25},"skip":true},"43":{"start":{"line":155,"column":12},"end":{"line":155,"column":45},"skip":true},"44":{"start":{"line":158,"column":8},"end":{"line":167,"column":10},"skip":true},"45":{"start":{"line":165,"column":12},"end":{"line":165,"column":25},"skip":true},"46":{"start":{"line":166,"column":12},"end":{"line":166,"column":48},"skip":true},"47":{"start":{"line":169,"column":8},"end":{"line":178,"column":10},"skip":true},"48":{"start":{"line":176,"column":12},"end":{"line":176,"column":25},"skip":true},"49":{"start":{"line":177,"column":12},"end":{"line":177,"column":46},"skip":true},"50":{"start":{"line":180,"column":8},"end":{"line":189,"column":10},"skip":true},"51":{"start":{"line":187,"column":12},"end":{"line":187,"column":94},"skip":true},"52":{"start":{"line":188,"column":12},"end":{"line":188,"column":48},"skip":true},"53":{"start":{"line":192,"column":8},"end":{"line":192,"column":35},"skip":true},"54":{"start":{"line":193,"column":8},"end":{"line":193,"column":14},"skip":true}},"branchMap":{"1":{"line":25,"type":"binary-expr","locations":[{"start":{"line":25,"column":23},"end":{"line":25,"column":62}},{"start":{"line":26,"column":20},"end":{"line":26,"column":70}},{"start":{"line":27,"column":20},"end":{"line":27,"column":71}},{"start":{"line":28,"column":20},"end":{"line":28,"column":29}}]},"2":{"line":30,"type":"binary-expr","locations":[{"start":{"line":30,"column":23},"end":{"line":30,"column":37}},{"start":{"line":31,"column":20},"end":{"line":31,"column":61}},{"start":{"line":32,"column":20},"end":{"line":32,"column":70}},{"start":{"line":33,"column":20},"end":{"line":33,"column":26}}]},"3":{"line":37,"type":"cond-expr","locations":[{"start":{"line":38,"column":14},"end":{"line":38,"column":20}},{"start":{"line":39,"column":14},"end":{"line":39,"column":20}}]},"4":{"line":40,"type":"switch","locations":[{"start":{"line":42,"column":8},"end":{"line":47,"column":18}},{"start":{"line":49,"column":8},"end":{"line":52,"column":18}}]},"5":{"line":44,"type":"binary-expr","locations":[{"start":{"line":44,"column":16},"end":{"line":44,"column":44}},{"start":{"line":44,"column":48},"end":{"line":44,"column":66}}]},"6":{"line":50,"type":"binary-expr","locations":[{"start":{"line":50,"column":21},"end":{"line":50,"column":49}},{"start":{"line":50,"column":53},"end":{"line":50,"column":72}}]},"7":{"line":64,"type":"switch","locations":[{"start":{"line":69,"column":4},"end":{"line":70,"column":14}},{"start":{"line":75,"column":4},"end":{"line":76,"column":14}}]},"8":{"line":85,"type":"switch","locations":[{"start":{"line":90,"column":4},"end":{"line":105,"column":14}},{"start":{"line":111,"column":4},"end":{"line":193,"column":14},"skip":true}]},"9":{"line":91,"type":"binary-expr","locations":[{"start":{"line":91,"column":42},"end":{"line":91,"column":73}},{"start":{"line":91,"column":77},"end":{"line":99,"column":9}}]},"10":{"line":102,"type":"binary-expr","locations":[{"start":{"line":102,"column":18},"end":{"line":102,"column":32}},{"start":{"line":103,"column":12},"end":{"line":103,"column":53}},{"start":{"line":104,"column":12},"end":{"line":104,"column":61}}]},"11":{"line":112,"type":"binary-expr","locations":[{"start":{"line":112,"column":45},"end":{"line":112,"column":79},"skip":true},{"start":{"line":112,"column":83},"end":{"line":121,"column":9},"skip":true}]},"12":{"line":123,"type":"binary-expr","locations":[{"start":{"line":123,"column":42},"end":{"line":123,"column":73},"skip":true},{"start":{"line":123,"column":77},"end":{"line":136,"column":9},"skip":true}]},"13":{"line":138,"type":"binary-expr","locations":[{"start":{"line":138,"column":48},"end":{"line":138,"column":85},"skip":true},{"start":{"line":139,"column":12},"end":{"line":145,"column":13},"skip":true}]},"14":{"line":147,"type":"binary-expr","locations":[{"start":{"line":147,"column":42},"end":{"line":147,"column":73},"skip":true},{"start":{"line":147,"column":77},"end":{"line":156,"column":9},"skip":true}]},"15":{"line":158,"type":"binary-expr","locations":[{"start":{"line":158,"column":45},"end":{"line":158,"column":79},"skip":true},{"start":{"line":158,"column":83},"end":{"line":167,"column":9},"skip":true}]},"16":{"line":169,"type":"binary-expr","locations":[{"start":{"line":169,"column":43},"end":{"line":169,"column":75},"skip":true},{"start":{"line":169,"column":79},"end":{"line":178,"column":9},"skip":true}]},"17":{"line":180,"type":"binary-expr","locations":[{"start":{"line":180,"column":41},"end":{"line":180,"column":71},"skip":true},{"start":{"line":180,"column":75},"end":{"line":189,"column":9},"skip":true}]}},"code":["/* istanbul instrument in package npmtest_express_mongoose_generator */","/*jslint","    bitwise: true,","    browser: true,","    maxerr: 8,","    maxlen: 96,","    node: true,","    nomen: true,","    regexp: true,","    stupid: true","*/","(function () {","    'use strict';","    var local;","","","","    // run shared js-env code - pre-init","    (function () {","        // init local","        local = {};","        // init modeJs","        local.modeJs = (function () {","            try {","                return typeof navigator.userAgent === 'string' &&","                    typeof document.querySelector('body') === 'object' &&","                    typeof XMLHttpRequest.prototype.open === 'function' &&","                    'browser';","            } catch (errorCaughtBrowser) {","                return module.exports &&","                    typeof process.versions.node === 'string' &&","                    typeof require('http').createServer === 'function' &&","                    'node';","            }","        }());","        // init global","        local.global = local.modeJs === 'browser'","            ? window","            : global;","        switch (local.modeJs) {","        // re-init local from window.local","        case 'browser':","            local = local.global.utility2.objectSetDefault(","                local.global.utility2_rollup || local.global.local,","                local.global.utility2","            );","            break;","        // re-init local from example.js","        case 'node':","            local = (local.global.utility2_rollup || require('utility2'))","                .requireExampleJsFromReadme();","            break;","        }","        // export local","        local.global.local = local;","    }());","","","","    // run shared js-env code - function","    (function () {","        return;","    }());","    switch (local.modeJs) {","","","","    // run browser js-env code - function","    case 'browser':","        break;","","","","    // run node js-env code - function","    case 'node':","        break;","    }","","","","    // run shared js-env code - post-init","    (function () {","        return;","    }());","    switch (local.modeJs) {","","","","    // run browser js-env code - post-init","    case 'browser':","        local.testCase_browser_nullCase = local.testCase_browser_nullCase || function (","            options,","            onError","        ) {","        /*","         * this function will test browsers's null-case handling-behavior-behavior","         */","            onError(null, options);","        };","","        // run tests","        local.nop(local.modeTest &&","            document.querySelector('#testRunButton1') &&","            document.querySelector('#testRunButton1').click());","        break;","","","","    // run node js-env code - post-init","    /* istanbul ignore next */","    case 'node':","        local.testCase_buildApidoc_default = local.testCase_buildApidoc_default || function (","            options,","            onError","        ) {","        /*","         * this function will test buildApidoc's default handling-behavior-behavior","         */","            options = { modulePathList: module.paths };","            local.buildApidoc(options, onError);","        };","","        local.testCase_buildApp_default = local.testCase_buildApp_default || function (","            options,","            onError","        ) {","        /*","         * this function will test buildApp's default handling-behavior-behavior","         */","            local.testCase_buildReadme_default(options, local.onErrorThrow);","            local.testCase_buildLib_default(options, local.onErrorThrow);","            local.testCase_buildTest_default(options, local.onErrorThrow);","            local.testCase_buildCustomOrg_default(options, local.onErrorThrow);","            options = [];","            local.buildApp(options, onError);","        };","","        local.testCase_buildCustomOrg_default = local.testCase_buildCustomOrg_default ||","            function (options, onError) {","            /*","             * this function will test buildCustomOrg's default handling-behavior","             */","                options = {};","                local.buildCustomOrg(options, onError);","            };","","        local.testCase_buildLib_default = local.testCase_buildLib_default || function (","            options,","            onError","        ) {","        /*","         * this function will test buildLib's default handling-behavior","         */","            options = {};","            local.buildLib(options, onError);","        };","","        local.testCase_buildReadme_default = local.testCase_buildReadme_default || function (","            options,","            onError","        ) {","        /*","         * this function will test buildReadme's default handling-behavior-behavior","         */","            options = {};","            local.buildReadme(options, onError);","        };","","        local.testCase_buildTest_default = local.testCase_buildTest_default || function (","            options,","            onError","        ) {","        /*","         * this function will test buildTest's default handling-behavior","         */","            options = {};","            local.buildTest(options, onError);","        };","","        local.testCase_webpage_default = local.testCase_webpage_default || function (","            options,","            onError","        ) {","        /*","         * this function will test webpage's default handling-behavior","         */","            options = { modeCoverageMerge: true, url: local.serverLocalHost + '?modeTest=1' };","            local.browserTest(options, onError);","        };","","        // run test-server","        local.testRunServer(local);","        break;","    }","}());",""],"l":{"12":2,"14":2,"19":2,"21":2,"23":2,"24":2,"25":2,"30":1,"37":2,"40":2,"43":1,"47":1,"50":1,"52":1,"55":2,"61":2,"62":2,"64":2,"70":1,"76":1,"82":2,"83":2,"85":2,"91":1,"98":1,"102":1,"105":1,"112":1,"119":1,"120":1,"123":1,"130":1,"131":1,"132":1,"133":1,"134":1,"135":1,"138":1,"143":2,"144":2,"147":1,"154":2,"155":2,"158":1,"165":2,"166":2,"169":1,"176":2,"177":2,"180":1,"187":1,"188":1,"192":1,"193":1}},"/home/travis/build/npmtest/node-npmtest-express-mongoose-generator/lib.npmtest_express_mongoose_generator.js":{"path":"/home/travis/build/npmtest/node-npmtest-express-mongoose-generator/lib.npmtest_express_mongoose_generator.js","s":{"1":2,"2":2,"3":2,"4":2,"5":2,"6":2,"7":2,"8":1,"9":2,"10":2,"11":2,"12":2,"13":1,"14":1,"15":1,"16":1},"b":{"1":[2,1,1,1],"2":[1,1,1,1],"3":[1,1],"4":[2,2],"5":[1,1]},"f":{"1":2,"2":2,"3":2},"fnMap":{"1":{"name":"(anonymous_1)","line":12,"loc":{"start":{"line":12,"column":1},"end":{"line":12,"column":13}}},"2":{"name":"(anonymous_2)","line":19,"loc":{"start":{"line":19,"column":5},"end":{"line":19,"column":17}}},"3":{"name":"(anonymous_3)","line":23,"loc":{"start":{"line":23,"column":24},"end":{"line":23,"column":36}}}},"statementMap":{"1":{"start":{"line":12,"column":0},"end":{"line":53,"column":5}},"2":{"start":{"line":14,"column":4},"end":{"line":14,"column":14}},"3":{"start":{"line":19,"column":4},"end":{"line":52,"column":9}},"4":{"start":{"line":21,"column":8},"end":{"line":21,"column":19}},"5":{"start":{"line":23,"column":8},"end":{"line":35,"column":13}},"6":{"start":{"line":24,"column":12},"end":{"line":34,"column":13}},"7":{"start":{"line":25,"column":16},"end":{"line":28,"column":30}},"8":{"start":{"line":30,"column":16},"end":{"line":33,"column":27}},"9":{"start":{"line":37,"column":8},"end":{"line":39,"column":21}},"10":{"start":{"line":41,"column":8},"end":{"line":41,"column":54}},"11":{"start":{"line":43,"column":8},"end":{"line":43,"column":71}},"12":{"start":{"line":45,"column":8},"end":{"line":51,"column":9}},"13":{"start":{"line":46,"column":12},"end":{"line":46,"column":77}},"14":{"start":{"line":48,"column":12},"end":{"line":48,"column":35}},"15":{"start":{"line":49,"column":12},"end":{"line":49,"column":49}},"16":{"start":{"line":50,"column":12},"end":{"line":50,"column":43}}},"branchMap":{"1":{"line":25,"type":"binary-expr","locations":[{"start":{"line":25,"column":23},"end":{"line":25,"column":62}},{"start":{"line":26,"column":20},"end":{"line":26,"column":70}},{"start":{"line":27,"column":20},"end":{"line":27,"column":71}},{"start":{"line":28,"column":20},"end":{"line":28,"column":29}}]},"2":{"line":30,"type":"binary-expr","locations":[{"start":{"line":30,"column":23},"end":{"line":30,"column":37}},{"start":{"line":31,"column":20},"end":{"line":31,"column":61}},{"start":{"line":32,"column":20},"end":{"line":32,"column":70}},{"start":{"line":33,"column":20},"end":{"line":33,"column":26}}]},"3":{"line":37,"type":"cond-expr","locations":[{"start":{"line":38,"column":14},"end":{"line":38,"column":20}},{"start":{"line":39,"column":14},"end":{"line":39,"column":20}}]},"4":{"line":41,"type":"binary-expr","locations":[{"start":{"line":41,"column":16},"end":{"line":41,"column":44}},{"start":{"line":41,"column":48},"end":{"line":41,"column":53}}]},"5":{"line":45,"type":"if","locations":[{"start":{"line":45,"column":8},"end":{"line":45,"column":8}},{"start":{"line":45,"column":8},"end":{"line":45,"column":8}}]}},"code":["/* istanbul instrument in package npmtest_express_mongoose_generator */","/*jslint","    bitwise: true,","    browser: true,","    maxerr: 8,","    maxlen: 96,","    node: true,","    nomen: true,","    regexp: true,","    stupid: true","*/","(function () {","    'use strict';","    var local;","","","","    // run shared js-env code - pre-init","    (function () {","        // init local","        local = {};","        // init modeJs","        local.modeJs = (function () {","            try {","                return typeof navigator.userAgent === 'string' &&","                    typeof document.querySelector('body') === 'object' &&","                    typeof XMLHttpRequest.prototype.open === 'function' &&","                    'browser';","            } catch (errorCaughtBrowser) {","                return module.exports &&","                    typeof process.versions.node === 'string' &&","                    typeof require('http').createServer === 'function' &&","                    'node';","            }","        }());","        // init global","        local.global = local.modeJs === 'browser'","            ? window","            : global;","        // init utility2_rollup","        local = local.global.utility2_rollup || local;","        // init lib","        local.local = local.npmtest_express_mongoose_generator = local;","        // init exports","        if (local.modeJs === 'browser') {","            local.global.utility2_npmtest_express_mongoose_generator = local;","        } else {","            module.exports = local;","            module.exports.__dirname = __dirname;","            module.exports.module = module;","        }","    }());","}());",""],"l":{"12":2,"14":2,"19":2,"21":2,"23":2,"24":2,"25":2,"30":1,"37":2,"41":2,"43":2,"45":2,"46":1,"48":1,"49":1,"50":1}},"/home/travis/build/npmtest/node-npmtest-express-mongoose-generator/example.js":{"path":"/home/travis/build/npmtest/node-npmtest-express-mongoose-generator/example.js","s":{"1":2,"2":2,"3":2,"4":2,"5":2,"6":2,"7":2,"8":1,"9":2,"10":2,"11":2,"12":2,"13":1,"14":2,"15":2,"16":2,"17":2,"18":2,"19":0,"20":2,"21":1,"22":1,"23":1,"24":1,"25":1,"26":0,"27":0,"28":1,"29":1,"30":2,"31":0,"32":0,"33":0,"34":1,"35":2,"36":2,"37":3,"38":3,"39":3,"40":3,"41":0,"42":3,"43":3,"44":3,"45":1,"46":3,"47":1,"48":1,"49":1,"50":1,"51":1,"52":1,"53":1,"54":1,"55":1,"56":1,"57":0,"58":1,"59":6,"60":6,"61":1,"62":2,"63":0,"64":2,"65":1,"66":1,"67":0,"68":0,"69":0,"70":0,"71":0,"72":0,"73":0,"74":0,"75":0,"76":0,"77":0,"78":0,"79":0,"80":0,"81":0,"82":0,"83":0},"b":{"1":[2,1,1,1],"2":[1,1,1,1],"3":[1,1],"4":[2,2],"5":[1,1],"6":[1,1],"7":[2,0],"8":[2,1,1,1,1,1],"9":[0,2,0],"10":[1,1],"11":[2,1,1],"12":[1,0],"13":[0,2],"14":[2,0,0,0,0,0,0],"15":[0,3],"16":[3,0],"17":[1,1],"18":[0,1],"19":[1,2,0,2],"20":[1,0],"21":[1,1],"22":[0,0],"23":[0,0],"24":[0,0],"25":[0,0],"26":[0,0],"27":[0,0],"28":[0,0]},"f":{"1":2,"2":2,"3":2,"4":2,"5":2,"6":2,"7":3,"8":3,"9":3,"10":1,"11":6,"12":0},"fnMap":{"1":{"name":"(anonymous_1)","line":26,"loc":{"start":{"line":26,"column":1},"end":{"line":26,"column":13}}},"2":{"name":"(anonymous_2)","line":33,"loc":{"start":{"line":33,"column":5},"end":{"line":33,"column":17}}},"3":{"name":"(anonymous_3)","line":37,"loc":{"start":{"line":37,"column":24},"end":{"line":37,"column":36}}},"4":{"name":"(anonymous_4)","line":69,"loc":{"start":{"line":69,"column":31},"end":{"line":69,"column":48}},"skip":true},"5":{"name":"(anonymous_5)","line":78,"loc":{"start":{"line":78,"column":26},"end":{"line":78,"column":45}},"skip":true},"6":{"name":"(anonymous_6)","line":123,"loc":{"start":{"line":123,"column":33},"end":{"line":123,"column":48}},"skip":true},"7":{"name":"(anonymous_7)","line":125,"loc":{"start":{"line":125,"column":27},"end":{"line":125,"column":39}},"skip":true},"8":{"name":"(anonymous_8)","line":133,"loc":{"start":{"line":133,"column":59},"end":{"line":133,"column":74}},"skip":true},"9":{"name":"(anonymous_9)","line":143,"loc":{"start":{"line":143,"column":45},"end":{"line":143,"column":62}},"skip":true},"10":{"name":"(anonymous_10)","line":144,"loc":{"start":{"line":144,"column":73},"end":{"line":144,"column":92}},"skip":true},"11":{"name":"(anonymous_11)","line":272,"loc":{"start":{"line":272,"column":51},"end":{"line":272,"column":77}},"skip":true},"12":{"name":"(anonymous_12)","line":315,"loc":{"start":{"line":315,"column":32},"end":{"line":315,"column":61}},"skip":true}},"statementMap":{"1":{"start":{"line":26,"column":0},"end":{"line":326,"column":5}},"2":{"start":{"line":28,"column":4},"end":{"line":28,"column":14}},"3":{"start":{"line":33,"column":4},"end":{"line":60,"column":9}},"4":{"start":{"line":35,"column":8},"end":{"line":35,"column":19}},"5":{"start":{"line":37,"column":8},"end":{"line":49,"column":13}},"6":{"start":{"line":38,"column":12},"end":{"line":48,"column":13}},"7":{"start":{"line":39,"column":16},"end":{"line":42,"column":30}},"8":{"start":{"line":44,"column":16},"end":{"line":47,"column":27}},"9":{"start":{"line":51,"column":8},"end":{"line":53,"column":21}},"10":{"start":{"line":55,"column":8},"end":{"line":57,"column":45}},"11":{"start":{"line":59,"column":8},"end":{"line":59,"column":35}},"12":{"start":{"line":61,"column":4},"end":{"line":325,"column":5}},"13":{"start":{"line":69,"column":8},"end":{"line":121,"column":10},"skip":true},"14":{"start":{"line":70,"column":12},"end":{"line":88,"column":13},"skip":true},"15":{"start":{"line":76,"column":16},"end":{"line":87,"column":19},"skip":true},"16":{"start":{"line":79,"column":20},"end":{"line":86,"column":21},"skip":true},"17":{"start":{"line":82,"column":24},"end":{"line":82,"column":43},"skip":true},"18":{"start":{"line":83,"column":24},"end":{"line":83,"column":30},"skip":true},"19":{"start":{"line":85,"column":24},"end":{"line":85,"column":49},"skip":true},"20":{"start":{"line":89,"column":12},"end":{"line":107,"column":13},"skip":true},"21":{"start":{"line":92,"column":16},"end":{"line":102,"column":17},"skip":true},"22":{"start":{"line":93,"column":20},"end":{"line":93,"column":86},"skip":true},"23":{"start":{"line":94,"column":20},"end":{"line":95,"column":45},"skip":true},"24":{"start":{"line":96,"column":20},"end":{"line":96,"column":42},"skip":true},"25":{"start":{"line":97,"column":20},"end":{"line":97,"column":48},"skip":true},"26":{"start":{"line":100,"column":20},"end":{"line":100,"column":85},"skip":true},"27":{"start":{"line":101,"column":20},"end":{"line":101,"column":96},"skip":true},"28":{"start":{"line":103,"column":16},"end":{"line":103,"column":22},"skip":true},"29":{"start":{"line":106,"column":16},"end":{"line":106,"column":22},"skip":true},"30":{"start":{"line":108,"column":12},"end":{"line":120,"column":13},"skip":true},"31":{"start":{"line":114,"column":16},"end":{"line":119,"column":17},"skip":true},"32":{"start":{"line":116,"column":20},"end":{"line":116,"column":78},"skip":true},"33":{"start":{"line":118,"column":20},"end":{"line":118,"column":47},"skip":true},"34":{"start":{"line":123,"column":8},"end":{"line":141,"column":11},"skip":true},"35":{"start":{"line":124,"column":12},"end":{"line":124,"column":54},"skip":true},"36":{"start":{"line":125,"column":12},"end":{"line":140,"column":14},"skip":true},"37":{"start":{"line":126,"column":16},"end":{"line":126,"column":28},"skip":true},"38":{"start":{"line":127,"column":16},"end":{"line":127,"column":69},"skip":true},"39":{"start":{"line":128,"column":16},"end":{"line":128,"column":75},"skip":true},"40":{"start":{"line":129,"column":16},"end":{"line":131,"column":17},"skip":true},"41":{"start":{"line":130,"column":20},"end":{"line":130,"column":27},"skip":true},"42":{"start":{"line":133,"column":16},"end":{"line":137,"column":36},"skip":true},"43":{"start":{"line":134,"column":20},"end":{"line":136,"column":55},"skip":true},"44":{"start":{"line":139,"column":16},"end":{"line":139,"column":57},"skip":true},"45":{"start":{"line":143,"column":8},"end":{"line":147,"column":11},"skip":true},"46":{"start":{"line":144,"column":12},"end":{"line":146,"column":15},"skip":true},"47":{"start":{"line":145,"column":16},"end":{"line":145,"column":70},"skip":true},"48":{"start":{"line":149,"column":8},"end":{"line":149,"column":31},"skip":true},"49":{"start":{"line":150,"column":8},"end":{"line":150,"column":14},"skip":true},"50":{"start":{"line":158,"column":8},"end":{"line":158,"column":31},"skip":true},"51":{"start":{"line":160,"column":8},"end":{"line":160,"column":33},"skip":true},"52":{"start":{"line":161,"column":8},"end":{"line":161,"column":37},"skip":true},"53":{"start":{"line":162,"column":8},"end":{"line":162,"column":35},"skip":true},"54":{"start":{"line":164,"column":8},"end":{"line":164,"column":50},"skip":true},"55":{"start":{"line":166,"column":8},"end":{"line":256,"column":2},"skip":true},"56":{"start":{"line":258,"column":8},"end":{"line":286,"column":9},"skip":true},"57":{"start":{"line":259,"column":12},"end":{"line":269,"column":14},"skip":true},"58":{"start":{"line":271,"column":12},"end":{"line":285,"column":19},"skip":true},"59":{"start":{"line":274,"column":20},"end":{"line":274,"column":35},"skip":true},"60":{"start":{"line":275,"column":20},"end":{"line":284,"column":21},"skip":true},"61":{"start":{"line":277,"column":24},"end":{"line":277,"column":64},"skip":true},"62":{"start":{"line":279,"column":24},"end":{"line":279,"column":40},"skip":true},"63":{"start":{"line":281,"column":24},"end":{"line":281,"column":40},"skip":true},"64":{"start":{"line":283,"column":24},"end":{"line":283,"column":39},"skip":true},"65":{"start":{"line":288,"column":8},"end":{"line":290,"column":9},"skip":true},"66":{"start":{"line":289,"column":12},"end":{"line":289,"column":18},"skip":true},"67":{"start":{"line":291,"column":8},"end":{"line":293,"column":54},"skip":true},"68":{"start":{"line":296,"column":8},"end":{"line":301,"column":37},"skip":true},"69":{"start":{"line":303,"column":8},"end":{"line":303,"column":82},"skip":true},"70":{"start":{"line":306,"column":8},"end":{"line":308,"column":9},"skip":true},"71":{"start":{"line":307,"column":12},"end":{"line":307,"column":82},"skip":true},"72":{"start":{"line":310,"column":8},"end":{"line":312,"column":9},"skip":true},"73":{"start":{"line":311,"column":12},"end":{"line":311,"column":18},"skip":true},"74":{"start":{"line":313,"column":8},"end":{"line":313,"column":54},"skip":true},"75":{"start":{"line":314,"column":8},"end":{"line":314,"column":69},"skip":true},"76":{"start":{"line":315,"column":8},"end":{"line":323,"column":36},"skip":true},"77":{"start":{"line":316,"column":12},"end":{"line":316,"column":61},"skip":true},"78":{"start":{"line":317,"column":12},"end":{"line":320,"column":13},"skip":true},"79":{"start":{"line":318,"column":16},"end":{"line":318,"column":75},"skip":true},"80":{"start":{"line":319,"column":16},"end":{"line":319,"column":23},"skip":true},"81":{"start":{"line":321,"column":12},"end":{"line":321,"column":38},"skip":true},"82":{"start":{"line":322,"column":12},"end":{"line":322,"column":27},"skip":true},"83":{"start":{"line":324,"column":8},"end":{"line":324,"column":14},"skip":true}},"branchMap":{"1":{"line":39,"type":"binary-expr","locations":[{"start":{"line":39,"column":23},"end":{"line":39,"column":62}},{"start":{"line":40,"column":20},"end":{"line":40,"column":70}},{"start":{"line":41,"column":20},"end":{"line":41,"column":71}},{"start":{"line":42,"column":20},"end":{"line":42,"column":29}}]},"2":{"line":44,"type":"binary-expr","locations":[{"start":{"line":44,"column":23},"end":{"line":44,"column":37}},{"start":{"line":45,"column":20},"end":{"line":45,"column":61}},{"start":{"line":46,"column":20},"end":{"line":46,"column":70}},{"start":{"line":47,"column":20},"end":{"line":47,"column":26}}]},"3":{"line":51,"type":"cond-expr","locations":[{"start":{"line":52,"column":14},"end":{"line":52,"column":20}},{"start":{"line":53,"column":14},"end":{"line":53,"column":20}}]},"4":{"line":55,"type":"binary-expr","locations":[{"start":{"line":55,"column":16},"end":{"line":55,"column":44}},{"start":{"line":55,"column":49},"end":{"line":57,"column":43}}]},"5":{"line":55,"type":"cond-expr","locations":[{"start":{"line":56,"column":14},"end":{"line":56,"column":70}},{"start":{"line":57,"column":14},"end":{"line":57,"column":43}}]},"6":{"line":61,"type":"switch","locations":[{"start":{"line":68,"column":4},"end":{"line":150,"column":14},"skip":true},{"start":{"line":156,"column":4},"end":{"line":324,"column":14},"skip":true}]},"7":{"line":70,"type":"if","locations":[{"start":{"line":70,"column":12},"end":{"line":70,"column":12},"skip":true},{"start":{"line":70,"column":12},"end":{"line":70,"column":12},"skip":true}]},"8":{"line":70,"type":"binary-expr","locations":[{"start":{"line":70,"column":16},"end":{"line":70,"column":22},"skip":true},{"start":{"line":70,"column":27},"end":{"line":70,"column":32},"skip":true},{"start":{"line":71,"column":20},"end":{"line":71,"column":39},"skip":true},{"start":{"line":72,"column":20},"end":{"line":72,"column":49},"skip":true},{"start":{"line":73,"column":20},"end":{"line":73,"column":58},"skip":true},{"start":{"line":74,"column":20},"end":{"line":74,"column":69},"skip":true}]},"9":{"line":79,"type":"switch","locations":[{"start":{"line":80,"column":20},"end":{"line":80,"column":33},"skip":true},{"start":{"line":81,"column":20},"end":{"line":83,"column":30},"skip":true},{"start":{"line":84,"column":20},"end":{"line":85,"column":49},"skip":true}]},"10":{"line":89,"type":"switch","locations":[{"start":{"line":90,"column":12},"end":{"line":103,"column":22},"skip":true},{"start":{"line":105,"column":12},"end":{"line":106,"column":22},"skip":true}]},"11":{"line":89,"type":"binary-expr","locations":[{"start":{"line":89,"column":20},"end":{"line":89,"column":25},"skip":true},{"start":{"line":89,"column":29},"end":{"line":89,"column":48},"skip":true},{"start":{"line":89,"column":52},"end":{"line":89,"column":74},"skip":true}]},"12":{"line":92,"type":"if","locations":[{"start":{"line":92,"column":16},"end":{"line":92,"column":16},"skip":true},{"start":{"line":92,"column":16},"end":{"line":92,"column":16},"skip":true}]},"13":{"line":108,"type":"if","locations":[{"start":{"line":108,"column":12},"end":{"line":108,"column":12},"skip":true},{"start":{"line":108,"column":12},"end":{"line":108,"column":12},"skip":true}]},"14":{"line":108,"type":"binary-expr","locations":[{"start":{"line":108,"column":16},"end":{"line":108,"column":61},"skip":true},{"start":{"line":108,"column":66},"end":{"line":108,"column":72},"skip":true},{"start":{"line":108,"column":77},"end":{"line":108,"column":82},"skip":true},{"start":{"line":109,"column":20},"end":{"line":109,"column":39},"skip":true},{"start":{"line":110,"column":20},"end":{"line":110,"column":49},"skip":true},{"start":{"line":111,"column":20},"end":{"line":111,"column":58},"skip":true},{"start":{"line":112,"column":20},"end":{"line":112,"column":68},"skip":true}]},"15":{"line":129,"type":"if","locations":[{"start":{"line":129,"column":16},"end":{"line":129,"column":16},"skip":true},{"start":{"line":129,"column":16},"end":{"line":129,"column":16},"skip":true}]},"16":{"line":134,"type":"cond-expr","locations":[{"start":{"line":135,"column":26},"end":{"line":135,"column":29},"skip":true},{"start":{"line":136,"column":26},"end":{"line":136,"column":54},"skip":true}]},"17":{"line":164,"type":"binary-expr","locations":[{"start":{"line":164,"column":27},"end":{"line":164,"column":43},"skip":true},{"start":{"line":164,"column":47},"end":{"line":164,"column":49},"skip":true}]},"18":{"line":258,"type":"if","locations":[{"start":{"line":258,"column":8},"end":{"line":258,"column":8},"skip":true},{"start":{"line":258,"column":8},"end":{"line":258,"column":8},"skip":true}]},"19":{"line":275,"type":"switch","locations":[{"start":{"line":276,"column":20},"end":{"line":277,"column":64},"skip":true},{"start":{"line":278,"column":20},"end":{"line":279,"column":40},"skip":true},{"start":{"line":280,"column":20},"end":{"line":281,"column":40},"skip":true},{"start":{"line":282,"column":20},"end":{"line":283,"column":39},"skip":true}]},"20":{"line":288,"type":"if","locations":[{"start":{"line":288,"column":8},"end":{"line":288,"column":8},"skip":true},{"start":{"line":288,"column":8},"end":{"line":288,"column":8},"skip":true}]},"21":{"line":288,"type":"binary-expr","locations":[{"start":{"line":288,"column":12},"end":{"line":288,"column":40},"skip":true},{"start":{"line":288,"column":44},"end":{"line":288,"column":67},"skip":true}]},"22":{"line":292,"type":"binary-expr","locations":[{"start":{"line":292,"column":12},"end":{"line":292,"column":50},"skip":true},{"start":{"line":293,"column":12},"end":{"line":293,"column":53},"skip":true}]},"23":{"line":297,"type":"binary-expr","locations":[{"start":{"line":297,"column":12},"end":{"line":297,"column":84},"skip":true},{"start":{"line":298,"column":12},"end":{"line":301,"column":36},"skip":true}]},"24":{"line":303,"type":"binary-expr","locations":[{"start":{"line":303,"column":43},"end":{"line":303,"column":75},"skip":true},{"start":{"line":303,"column":79},"end":{"line":303,"column":81},"skip":true}]},"25":{"line":306,"type":"if","locations":[{"start":{"line":306,"column":8},"end":{"line":306,"column":8},"skip":true},{"start":{"line":306,"column":8},"end":{"line":306,"column":8},"skip":true}]},"26":{"line":310,"type":"if","locations":[{"start":{"line":310,"column":8},"end":{"line":310,"column":8},"skip":true},{"start":{"line":310,"column":8},"end":{"line":310,"column":8},"skip":true}]},"27":{"line":313,"type":"binary-expr","locations":[{"start":{"line":313,"column":27},"end":{"line":313,"column":43},"skip":true},{"start":{"line":313,"column":47},"end":{"line":313,"column":53},"skip":true}]},"28":{"line":317,"type":"if","locations":[{"start":{"line":317,"column":12},"end":{"line":317,"column":12},"skip":true},{"start":{"line":317,"column":12},"end":{"line":317,"column":12},"skip":true}]}},"code":["/*","example.js","","quickstart example","","instruction","    1. save this script as example.js","    2. run the shell command:","        $ npm install npmtest-express-mongoose-generator && PORT=8081 node example.js","    3. play with the browser-demo on http://127.0.0.1:8081","*/","","","","/* istanbul instrument in package npmtest_express_mongoose_generator */","/*jslint","    bitwise: true,","    browser: true,","    maxerr: 8,","    maxlen: 96,","    node: true,","    nomen: true,","    regexp: true,","    stupid: true","*/","(function () {","    'use strict';","    var local;","","","","    // run shared js-env code - pre-init","    (function () {","        // init local","        local = {};","        // init modeJs","        local.modeJs = (function () {","            try {","                return typeof navigator.userAgent === 'string' &&","                    typeof document.querySelector('body') === 'object' &&","                    typeof XMLHttpRequest.prototype.open === 'function' &&","                    'browser';","            } catch (errorCaughtBrowser) {","                return module.exports &&","                    typeof process.versions.node === 'string' &&","                    typeof require('http').createServer === 'function' &&","                    'node';","            }","        }());","        // init global","        local.global = local.modeJs === 'browser'","            ? window","            : global;","        // init utility2_rollup","        local = local.global.utility2_rollup || (local.modeJs === 'browser'","            ? local.global.utility2_npmtest_express_mongoose_generator","            : global.utility2_moduleExports);","        // export local","        local.global.local = local;","    }());","    switch (local.modeJs) {","","","","    // post-init","    // run browser js-env code - post-init","    /* istanbul ignore next */","    case 'browser':","        local.testRunBrowser = function (event) {","            if (!event || (event &&","                    event.currentTarget &&","                    event.currentTarget.className &&","                    event.currentTarget.className.includes &&","                    event.currentTarget.className.includes('onreset'))) {","                // reset output","                Array.from(","                    document.querySelectorAll('body > .resettable')","                ).forEach(function (element) {","                    switch (element.tagName) {","                    case 'INPUT':","                    case 'TEXTAREA':","                        element.value = '';","                        break;","                    default:","                        element.textContent = '';","                    }","                });","            }","            switch (event && event.currentTarget && event.currentTarget.id) {","            case 'testRunButton1':","                // show tests","                if (document.querySelector('#testReportDiv1').style.display === 'none') {","                    document.querySelector('#testReportDiv1').style.display = 'block';","                    document.querySelector('#testRunButton1').textContent =","                        'hide internal test';","                    local.modeTest = true;","                    local.testRunDefault(local);","                // hide tests","                } else {","                    document.querySelector('#testReportDiv1').style.display = 'none';","                    document.querySelector('#testRunButton1').textContent = 'run internal test';","                }","                break;","            // custom-case","            default:","                break;","            }","            if (document.querySelector('#inputTextareaEval1') && (!event || (event &&","                    event.currentTarget &&","                    event.currentTarget.className &&","                    event.currentTarget.className.includes &&","                    event.currentTarget.className.includes('oneval')))) {","                // try to eval input-code","                try {","                    /*jslint evil: true*/","                    eval(document.querySelector('#inputTextareaEval1').value);","                } catch (errorCaught) {","                    console.error(errorCaught);","                }","            }","        };","        // log stderr and stdout to #outputTextareaStdout1","        ['error', 'log'].forEach(function (key) {","            console[key + '_original'] = console[key];","            console[key] = function () {","                var element;","                console[key + '_original'].apply(console, arguments);","                element = document.querySelector('#outputTextareaStdout1');","                if (!element) {","                    return;","                }","                // append text to #outputTextareaStdout1","                element.value += Array.from(arguments).map(function (arg) {","                    return typeof arg === 'string'","                        ? arg","                        : JSON.stringify(arg, null, 4);","                }).join(' ') + '\\n';","                // scroll textarea to bottom","                element.scrollTop = element.scrollHeight;","            };","        });","        // init event-handling","        ['change', 'click', 'keyup'].forEach(function (event) {","            Array.from(document.querySelectorAll('.on' + event)).forEach(function (element) {","                element.addEventListener(event, local.testRunBrowser);","            });","        });","        // run tests","        local.testRunBrowser();","        break;","","","","    // run node js-env code - post-init","    /* istanbul ignore next */","    case 'node':","        // export local","        module.exports = local;","        // require modules","        local.fs = require('fs');","        local.http = require('http');","        local.url = require('url');","        // init assets","        local.assetsDict = local.assetsDict || {};","        /* jslint-ignore-begin */","        local.assetsDict['/assets.index.template.html'] = '\\","<!doctype html>\\n\\","<html lang=\"en\">\\n\\","<head>\\n\\","<meta charset=\"UTF-8\">\\n\\","<meta name=\"viewport\" content=\"width=device-width, initial-scale=1\">\\n\\","<title>{{env.npm_package_name}} (v{{env.npm_package_version}})</title>\\n\\","<style>\\n\\","/*csslint\\n\\","    box-sizing: false,\\n\\","    universal-selector: false\\n\\","*/\\n\\","* {\\n\\","    box-sizing: border-box;\\n\\","}\\n\\","body {\\n\\","    background: #dde;\\n\\","    font-family: Arial, Helvetica, sans-serif;\\n\\","    margin: 2rem;\\n\\","}\\n\\","body > * {\\n\\","    margin-bottom: 1rem;\\n\\","}\\n\\",".utility2FooterDiv {\\n\\","    margin-top: 20px;\\n\\","    text-align: center;\\n\\","}\\n\\","</style>\\n\\","<style>\\n\\","/*csslint\\n\\","*/\\n\\","textarea {\\n\\","    font-family: monospace;\\n\\","    height: 10rem;\\n\\","    width: 100%;\\n\\","}\\n\\","textarea[readonly] {\\n\\","    background: #ddd;\\n\\","}\\n\\","</style>\\n\\","</head>\\n\\","<body>\\n\\","<!-- utility2-comment\\n\\","<div id=\"ajaxProgressDiv1\" style=\"background: #d00; height: 2px; left: 0; margin: 0; padding: 0; position: fixed; top: 0; transition: background 0.5s, width 1.5s; width: 25%;\"></div>\\n\\","utility2-comment -->\\n\\","<h1>\\n\\","<!-- utility2-comment\\n\\","    <a\\n\\","        {{#if env.npm_package_homepage}}\\n\\","        href=\"{{env.npm_package_homepage}}\"\\n\\","        {{/if env.npm_package_homepage}}\\n\\","        target=\"_blank\"\\n\\","    >\\n\\","utility2-comment -->\\n\\","        {{env.npm_package_name}} (v{{env.npm_package_version}})\\n\\","<!-- utility2-comment\\n\\","    </a>\\n\\","utility2-comment -->\\n\\","</h1>\\n\\","<h3>{{env.npm_package_description}}</h3>\\n\\","<!-- utility2-comment\\n\\","<h4><a download href=\"assets.app.js\">download standalone app</a></h4>\\n\\","<button class=\"onclick onreset\" id=\"testRunButton1\">run internal test</button><br>\\n\\","<div id=\"testReportDiv1\" style=\"display: none;\"></div>\\n\\","utility2-comment -->\\n\\","\\n\\","\\n\\","\\n\\","<label>stderr and stdout</label>\\n\\","<textarea class=\"resettable\" id=\"outputTextareaStdout1\" readonly></textarea>\\n\\","<!-- utility2-comment\\n\\","{{#if isRollup}}\\n\\","<script src=\"assets.app.js\"></script>\\n\\","{{#unless isRollup}}\\n\\","utility2-comment -->\\n\\","<script src=\"assets.utility2.rollup.js\"></script>\\n\\","<script src=\"jsonp.utility2._stateInit?callback=window.utility2._stateInit\"></script>\\n\\","<script src=\"assets.npmtest_express_mongoose_generator.rollup.js\"></script>\\n\\","<script src=\"assets.example.js\"></script>\\n\\","<script src=\"assets.test.js\"></script>\\n\\","<!-- utility2-comment\\n\\","{{/if isRollup}}\\n\\","utility2-comment -->\\n\\","<div class=\"utility2FooterDiv\">\\n\\","    [ this app was created with\\n\\","    <a href=\"https://github.com/kaizhu256/node-utility2\" target=\"_blank\">utility2</a>\\n\\","    ]\\n\\","</div>\\n\\","</body>\\n\\","</html>\\n\\","';","        /* jslint-ignore-end */","        if (local.templateRender) {","            local.assetsDict['/'] = local.templateRender(","                local.assetsDict['/assets.index.template.html'],","                {","                    env: local.objectSetDefault(local.env, {","                        npm_package_description: 'the greatest app in the world!',","                        npm_package_name: 'my-app',","                        npm_package_nameAlias: 'my_app',","                        npm_package_version: '0.0.1'","                    })","                }","            );","        } else {","            local.assetsDict['/'] = local.assetsDict['/assets.index.template.html']","                .replace((/\\{\\{env\\.(\\w+?)\\}\\}/g), function (match0, match1) {","                    // jslint-hack","                    String(match0);","                    switch (match1) {","                    case 'npm_package_description':","                        return 'the greatest app in the world!';","                    case 'npm_package_name':","                        return 'my-app';","                    case 'npm_package_nameAlias':","                        return 'my_app';","                    case 'npm_package_version':","                        return '0.0.1';","                    }","                });","        }","        // run the cli","        if (local.global.utility2_rollup || module !== require.main) {","            break;","        }","        local.assetsDict['/assets.example.js'] =","            local.assetsDict['/assets.example.js'] ||","            local.fs.readFileSync(__filename, 'utf8');","        // bug-workaround - long $npm_package_buildCustomOrg","        /* jslint-ignore-begin */","        local.assetsDict['/assets.npmtest_express_mongoose_generator.rollup.js'] =","            local.assetsDict['/assets.npmtest_express_mongoose_generator.rollup.js'] ||","            local.fs.readFileSync(","                local.npmtest_express_mongoose_generator.__dirname + '/lib.npmtest_express_mongoose_generator.js',","                'utf8'","            ).replace((/^#!/), '//');","        /* jslint-ignore-end */","        local.assetsDict['/favicon.ico'] = local.assetsDict['/favicon.ico'] || '';","        // if $npm_config_timeout_exit exists,","        // then exit this process after $npm_config_timeout_exit ms","        if (Number(process.env.npm_config_timeout_exit)) {","            setTimeout(process.exit, Number(process.env.npm_config_timeout_exit));","        }","        // start server","        if (local.global.utility2_serverHttp1) {","            break;","        }","        process.env.PORT = process.env.PORT || '8081';","        console.error('server starting on port ' + process.env.PORT);","        local.http.createServer(function (request, response) {","            request.urlParsed = local.url.parse(request.url);","            if (local.assetsDict[request.urlParsed.pathname] !== undefined) {","                response.end(local.assetsDict[request.urlParsed.pathname]);","                return;","            }","            response.statusCode = 404;","            response.end();","        }).listen(process.env.PORT);","        break;","    }","}());",""],"l":{"26":2,"28":2,"33":2,"35":2,"37":2,"38":2,"39":2,"44":1,"51":2,"55":2,"59":2,"61":2,"69":1,"70":2,"76":2,"79":2,"82":2,"83":2,"85":1,"89":2,"92":1,"93":1,"94":1,"96":1,"97":1,"100":1,"101":1,"103":1,"106":1,"108":2,"114":1,"116":1,"118":1,"123":1,"124":2,"125":2,"126":3,"127":3,"128":3,"129":3,"130":1,"133":3,"134":3,"139":3,"143":1,"144":3,"145":1,"149":1,"150":1,"158":1,"160":1,"161":1,"162":1,"164":1,"166":1,"258":1,"259":1,"271":1,"274":6,"275":6,"277":1,"279":2,"281":1,"283":2,"288":1,"289":1,"291":1,"296":1,"303":1,"306":1,"307":1,"310":1,"311":1,"313":1,"314":1,"315":1,"316":1,"317":1,"318":1,"319":1,"321":1,"322":1,"324":1}},"/home/travis/build/npmtest/node-npmtest-express-mongoose-generator/node_modules/express-mongoose-generator/bin/mongoose-gen":{"path":"/home/travis/build/npmtest/node-npmtest-express-mongoose-generator/node_modules/express-mongoose-generator/bin/mongoose-gen","s":{"1":1,"2":1,"3":1,"4":1,"5":1,"6":1,"7":1,"8":1,"9":1,"10":1,"11":1,"12":1,"13":1,"14":1,"15":1,"16":0,"17":1,"18":1,"19":1,"20":1,"21":0,"22":0,"23":0,"24":0,"25":0,"26":0,"27":0,"28":0,"29":0,"30":0,"31":0,"32":0,"33":0,"34":0,"35":0,"36":0,"37":0,"38":0,"39":0,"40":0,"41":0,"42":0,"43":0,"44":0,"45":0,"46":0,"47":0,"48":0,"49":0,"50":0,"51":0,"52":0,"53":0,"54":0,"55":0,"56":0,"57":0,"58":0,"59":0,"60":0,"61":0,"62":1,"63":0,"64":0,"65":0,"66":0,"67":0,"68":0,"69":0,"70":0,"71":0,"72":0,"73":0,"74":0,"75":0,"76":0,"77":0,"78":0,"79":0,"80":0,"81":1,"82":1,"83":0,"84":0,"85":0,"86":0,"87":0,"88":1,"89":0,"90":0,"91":1,"92":0,"93":0,"94":0,"95":0,"96":1,"97":0,"98":0,"99":0,"100":0,"101":0,"102":0,"103":1,"104":0,"105":0,"106":0,"107":0,"108":0,"109":0,"110":1,"111":0,"112":0,"113":0,"114":0,"115":0,"116":0,"117":1,"118":0,"119":0,"120":0,"121":0,"122":1,"123":0,"124":0,"125":0,"126":0,"127":0,"128":0,"129":0,"130":0,"131":0,"132":0,"133":1,"134":0,"135":0,"136":0,"137":0,"138":0,"139":0,"140":0,"141":0,"142":0,"143":0,"144":0,"145":1,"146":0},"b":{"1":[0,1],"2":[1,1],"3":[0,0],"4":[0,0],"5":[0,0],"6":[0,0],"7":[0,0],"8":[0,0],"9":[0,0],"10":[0,0],"11":[0,0],"12":[0,0],"13":[0,0],"14":[0,0],"15":[0,0],"16":[0,0],"17":[0,0],"18":[0,0],"19":[0,0],"20":[0,0],"21":[0,0],"22":[0,0],"23":[0,0],"24":[0,0],"25":[0,0],"26":[0,0],"27":[0,0],"28":[0,0],"29":[0,0],"30":[0,0],"31":[0,0],"32":[0,0],"33":[0,0],"34":[0,0],"35":[0,0],"36":[0,0],"37":[0,0],"38":[0,0],"39":[0,0],"40":[0,0],"41":[0,0],"42":[0,0],"43":[0,0],"44":[0,0]},"f":{"1":1,"2":1,"3":1,"4":0,"5":0,"6":0,"7":0,"8":0,"9":0,"10":0,"11":0,"12":0,"13":0,"14":0,"15":0,"16":0,"17":0,"18":0,"19":0,"20":0,"21":0,"22":0,"23":0,"24":0,"25":0,"26":0,"27":0,"28":0,"29":0,"30":1,"31":0,"32":0,"33":0,"34":0,"35":0,"36":0,"37":0,"38":0,"39":0,"40":0,"41":0},"fnMap":{"1":{"name":"(anonymous_1)","line":53,"loc":{"start":{"line":53,"column":1},"end":{"line":53,"column":17}}},"2":{"name":"runInteractiveMode","line":65,"loc":{"start":{"line":65,"column":0},"end":{"line":65,"column":35}}},"3":{"name":"(anonymous_3)","line":67,"loc":{"start":{"line":67,"column":18},"end":{"line":67,"column":32}}},"4":{"name":"(anonymous_4)","line":68,"loc":{"start":{"line":68,"column":84},"end":{"line":68,"column":100}}},"5":{"name":"(anonymous_5)","line":73,"loc":{"start":{"line":73,"column":20},"end":{"line":73,"column":34}}},"6":{"name":"(anonymous_6)","line":79,"loc":{"start":{"line":79,"column":20},"end":{"line":79,"column":32}}},"7":{"name":"(anonymous_7)","line":80,"loc":{"start":{"line":80,"column":20},"end":{"line":80,"column":34}}},"8":{"name":"(anonymous_8)","line":82,"loc":{"start":{"line":82,"column":38},"end":{"line":82,"column":52}}},"9":{"name":"(anonymous_9)","line":85,"loc":{"start":{"line":85,"column":40},"end":{"line":85,"column":61}}},"10":{"name":"(anonymous_10)","line":93,"loc":{"start":{"line":93,"column":38},"end":{"line":93,"column":52}}},"11":{"name":"(anonymous_11)","line":95,"loc":{"start":{"line":95,"column":40},"end":{"line":95,"column":61}}},"12":{"name":"(anonymous_12)","line":101,"loc":{"start":{"line":101,"column":43},"end":{"line":101,"column":57}}},"13":{"name":"(anonymous_13)","line":103,"loc":{"start":{"line":103,"column":90},"end":{"line":103,"column":115}}},"14":{"name":"(anonymous_14)","line":114,"loc":{"start":{"line":114,"column":28},"end":{"line":114,"column":52}}},"15":{"name":"(anonymous_15)","line":121,"loc":{"start":{"line":121,"column":20},"end":{"line":121,"column":44}}},"16":{"name":"(anonymous_16)","line":125,"loc":{"start":{"line":125,"column":18},"end":{"line":125,"column":32}}},"17":{"name":"(anonymous_17)","line":126,"loc":{"start":{"line":126,"column":82},"end":{"line":126,"column":98}}},"18":{"name":"(anonymous_18)","line":131,"loc":{"start":{"line":131,"column":28},"end":{"line":131,"column":42}}},"19":{"name":"(anonymous_19)","line":132,"loc":{"start":{"line":132,"column":83},"end":{"line":132,"column":109}}},"20":{"name":"(anonymous_20)","line":138,"loc":{"start":{"line":138,"column":8},"end":{"line":138,"column":32}}},"21":{"name":"(anonymous_21)","line":144,"loc":{"start":{"line":144,"column":20},"end":{"line":144,"column":34}}},"22":{"name":"(anonymous_22)","line":147,"loc":{"start":{"line":147,"column":20},"end":{"line":147,"column":34}}},"23":{"name":"(anonymous_23)","line":151,"loc":{"start":{"line":151,"column":20},"end":{"line":151,"column":34}}},"24":{"name":"(anonymous_24)","line":156,"loc":{"start":{"line":156,"column":16},"end":{"line":156,"column":40}}},"25":{"name":"runNonInteractiveMode","line":168,"loc":{"start":{"line":168,"column":0},"end":{"line":168,"column":37}}},"26":{"name":"(anonymous_26)","line":184,"loc":{"start":{"line":184,"column":12},"end":{"line":184,"column":26}}},"27":{"name":"(anonymous_27)","line":187,"loc":{"start":{"line":187,"column":12},"end":{"line":187,"column":26}}},"28":{"name":"(anonymous_28)","line":191,"loc":{"start":{"line":191,"column":12},"end":{"line":191,"column":26}}},"29":{"name":"(anonymous_29)","line":196,"loc":{"start":{"line":196,"column":8},"end":{"line":196,"column":32}}},"30":{"name":"askQuestion","line":209,"loc":{"start":{"line":209,"column":0},"end":{"line":209,"column":51}}},"31":{"name":"(anonymous_31)","line":210,"loc":{"start":{"line":210,"column":26},"end":{"line":210,"column":43}}},"32":{"name":"closeProgram","line":224,"loc":{"start":{"line":224,"column":0},"end":{"line":224,"column":24}}},"33":{"name":"isModelNameParamValid","line":234,"loc":{"start":{"line":234,"column":0},"end":{"line":234,"column":37}}},"34":{"name":"isFieldTypeParamValid","line":247,"loc":{"start":{"line":247,"column":0},"end":{"line":247,"column":42}}},"35":{"name":"isRestParamValid","line":261,"loc":{"start":{"line":261,"column":0},"end":{"line":261,"column":33}}},"36":{"name":"isFileTreeParamValid","line":275,"loc":{"start":{"line":275,"column":0},"end":{"line":275,"column":37}}},"37":{"name":"isFieldsParamValid","line":289,"loc":{"start":{"line":289,"column":0},"end":{"line":289,"column":36}}},"38":{"name":"isFieldValid","line":303,"loc":{"start":{"line":303,"column":0},"end":{"line":303,"column":44}}},"39":{"name":"formatFieldsParamInArray","line":324,"loc":{"start":{"line":324,"column":0},"end":{"line":324,"column":42}}},"40":{"name":"(anonymous_40)","line":328,"loc":{"start":{"line":328,"column":32},"end":{"line":328,"column":49}}},"41":{"name":"consoleError","line":346,"loc":{"start":{"line":346,"column":0},"end":{"line":346,"column":27}}}},"statementMap":{"1":{"start":{"line":6,"column":0},"end":{"line":6,"column":36}},"2":{"start":{"line":7,"column":0},"end":{"line":7,"column":35}},"3":{"start":{"line":8,"column":0},"end":{"line":8,"column":32}},"4":{"start":{"line":9,"column":0},"end":{"line":9,"column":46}},"5":{"start":{"line":10,"column":0},"end":{"line":10,"column":44}},"6":{"start":{"line":12,"column":0},"end":{"line":12,"column":37}},"7":{"start":{"line":13,"column":0},"end":{"line":13,"column":26}},"8":{"start":{"line":15,"column":0},"end":{"line":18,"column":3}},"9":{"start":{"line":20,"column":0},"end":{"line":20,"column":88}},"10":{"start":{"line":21,"column":0},"end":{"line":21,"column":55}},"11":{"start":{"line":22,"column":0},"end":{"line":22,"column":62}},"12":{"start":{"line":23,"column":0},"end":{"line":39,"column":2}},"13":{"start":{"line":42,"column":0},"end":{"line":50,"column":1}},"14":{"start":{"line":53,"column":0},"end":{"line":59,"column":8}},"15":{"start":{"line":54,"column":4},"end":{"line":58,"column":5}},"16":{"start":{"line":55,"column":8},"end":{"line":55,"column":36}},"17":{"start":{"line":57,"column":8},"end":{"line":57,"column":33}},"18":{"start":{"line":65,"column":0},"end":{"line":162,"column":1}},"19":{"start":{"line":66,"column":4},"end":{"line":161,"column":6}},"20":{"start":{"line":68,"column":16},"end":{"line":71,"column":19}},"21":{"start":{"line":69,"column":20},"end":{"line":69,"column":96}},"22":{"start":{"line":70,"column":20},"end":{"line":70,"column":35}},"23":{"start":{"line":74,"column":16},"end":{"line":74,"column":35}},"24":{"start":{"line":75,"column":16},"end":{"line":75,"column":32}},"25":{"start":{"line":76,"column":16},"end":{"line":76,"column":38}},"26":{"start":{"line":78,"column":16},"end":{"line":123,"column":23}},"27":{"start":{"line":79,"column":34},"end":{"line":79,"column":47}},"28":{"start":{"line":81,"column":24},"end":{"line":119,"column":31}},"29":{"start":{"line":83,"column":36},"end":{"line":91,"column":38}},"30":{"start":{"line":86,"column":44},"end":{"line":88,"column":45}},"31":{"start":{"line":87,"column":48},"end":{"line":87,"column":60}},"32":{"start":{"line":89,"column":44},"end":{"line":89,"column":64}},"33":{"start":{"line":94,"column":36},"end":{"line":99,"column":38}},"34":{"start":{"line":96,"column":44},"end":{"line":96,"column":119}},"35":{"start":{"line":97,"column":44},"end":{"line":97,"column":72}},"36":{"start":{"line":102,"column":36},"end":{"line":111,"column":37}},"37":{"start":{"line":103,"column":40},"end":{"line":108,"column":43}},"38":{"start":{"line":104,"column":44},"end":{"line":106,"column":64}},"39":{"start":{"line":107,"column":44},"end":{"line":107,"column":68}},"40":{"start":{"line":110,"column":40},"end":{"line":110,"column":55}},"41":{"start":{"line":115,"column":32},"end":{"line":117,"column":33}},"42":{"start":{"line":116,"column":36},"end":{"line":116,"column":57}},"43":{"start":{"line":118,"column":32},"end":{"line":118,"column":37}},"44":{"start":{"line":122,"column":24},"end":{"line":122,"column":41}},"45":{"start":{"line":126,"column":16},"end":{"line":129,"column":19}},"46":{"start":{"line":127,"column":20},"end":{"line":127,"column":69}},"47":{"start":{"line":128,"column":20},"end":{"line":128,"column":35}},"48":{"start":{"line":132,"column":16},"end":{"line":135,"column":19}},"49":{"start":{"line":133,"column":20},"end":{"line":133,"column":97}},"50":{"start":{"line":134,"column":20},"end":{"line":134,"column":45}},"51":{"start":{"line":139,"column":12},"end":{"line":141,"column":13}},"52":{"start":{"line":140,"column":16},"end":{"line":140,"column":38}},"53":{"start":{"line":143,"column":12},"end":{"line":159,"column":14}},"54":{"start":{"line":145,"column":24},"end":{"line":145,"column":113}},"55":{"start":{"line":148,"column":24},"end":{"line":148,"column":68}},"56":{"start":{"line":148,"column":54},"end":{"line":148,"column":66}},"57":{"start":{"line":149,"column":24},"end":{"line":149,"column":98}},"58":{"start":{"line":152,"column":24},"end":{"line":152,"column":68}},"59":{"start":{"line":152,"column":54},"end":{"line":152,"column":66}},"60":{"start":{"line":153,"column":24},"end":{"line":153,"column":118}},"61":{"start":{"line":157,"column":20},"end":{"line":157,"column":35}},"62":{"start":{"line":168,"column":0},"end":{"line":200,"column":1}},"63":{"start":{"line":169,"column":4},"end":{"line":171,"column":5}},"64":{"start":{"line":170,"column":8},"end":{"line":170,"column":30}},"65":{"start":{"line":173,"column":4},"end":{"line":173,"column":34}},"66":{"start":{"line":174,"column":4},"end":{"line":174,"column":63}},"67":{"start":{"line":175,"column":4},"end":{"line":175,"column":67}},"68":{"start":{"line":177,"column":4},"end":{"line":179,"column":5}},"69":{"start":{"line":178,"column":8},"end":{"line":178,"column":30}},"70":{"start":{"line":181,"column":4},"end":{"line":181,"column":48}},"71":{"start":{"line":181,"column":24},"end":{"line":181,"column":46}},"72":{"start":{"line":183,"column":4},"end":{"line":199,"column":6}},"73":{"start":{"line":185,"column":16},"end":{"line":185,"column":85}},"74":{"start":{"line":188,"column":16},"end":{"line":188,"column":51}},"75":{"start":{"line":188,"column":37},"end":{"line":188,"column":49}},"76":{"start":{"line":189,"column":16},"end":{"line":189,"column":73}},"77":{"start":{"line":192,"column":16},"end":{"line":192,"column":51}},"78":{"start":{"line":192,"column":37},"end":{"line":192,"column":49}},"79":{"start":{"line":193,"column":16},"end":{"line":193,"column":90}},"80":{"start":{"line":197,"column":12},"end":{"line":197,"column":27}},"81":{"start":{"line":209,"column":0},"end":{"line":219,"column":1}},"82":{"start":{"line":210,"column":4},"end":{"line":218,"column":7}},"83":{"start":{"line":211,"column":8},"end":{"line":216,"column":9}},"84":{"start":{"line":212,"column":12},"end":{"line":215,"column":13}},"85":{"start":{"line":213,"column":16},"end":{"line":213,"column":58}},"86":{"start":{"line":214,"column":16},"end":{"line":214,"column":24}},"87":{"start":{"line":217,"column":8},"end":{"line":217,"column":25}},"88":{"start":{"line":224,"column":0},"end":{"line":227,"column":1}},"89":{"start":{"line":225,"column":4},"end":{"line":225,"column":15}},"90":{"start":{"line":226,"column":4},"end":{"line":226,"column":19}},"91":{"start":{"line":234,"column":0},"end":{"line":240,"column":1}},"92":{"start":{"line":235,"column":4},"end":{"line":238,"column":5}},"93":{"start":{"line":236,"column":8},"end":{"line":236,"column":51}},"94":{"start":{"line":237,"column":8},"end":{"line":237,"column":21}},"95":{"start":{"line":239,"column":4},"end":{"line":239,"column":16}},"96":{"start":{"line":247,"column":0},"end":{"line":254,"column":1}},"97":{"start":{"line":248,"column":4},"end":{"line":248,"column":93}},"98":{"start":{"line":248,"column":55},"end":{"line":248,"column":91}},"99":{"start":{"line":249,"column":4},"end":{"line":252,"column":5}},"100":{"start":{"line":250,"column":8},"end":{"line":250,"column":54}},"101":{"start":{"line":251,"column":8},"end":{"line":251,"column":21}},"102":{"start":{"line":253,"column":4},"end":{"line":253,"column":16}},"103":{"start":{"line":261,"column":0},"end":{"line":268,"column":1}},"104":{"start":{"line":262,"column":4},"end":{"line":262,"column":83}},"105":{"start":{"line":262,"column":47},"end":{"line":262,"column":81}},"106":{"start":{"line":263,"column":4},"end":{"line":266,"column":5}},"107":{"start":{"line":264,"column":8},"end":{"line":264,"column":54}},"108":{"start":{"line":265,"column":8},"end":{"line":265,"column":21}},"109":{"start":{"line":267,"column":4},"end":{"line":267,"column":16}},"110":{"start":{"line":275,"column":0},"end":{"line":282,"column":1}},"111":{"start":{"line":276,"column":4},"end":{"line":276,"column":89}},"112":{"start":{"line":276,"column":47},"end":{"line":276,"column":87}},"113":{"start":{"line":277,"column":4},"end":{"line":280,"column":5}},"114":{"start":{"line":278,"column":8},"end":{"line":278,"column":60}},"115":{"start":{"line":279,"column":8},"end":{"line":279,"column":21}},"116":{"start":{"line":281,"column":4},"end":{"line":281,"column":16}},"117":{"start":{"line":289,"column":0},"end":{"line":295,"column":1}},"118":{"start":{"line":290,"column":4},"end":{"line":293,"column":5}},"119":{"start":{"line":291,"column":8},"end":{"line":291,"column":55}},"120":{"start":{"line":292,"column":8},"end":{"line":292,"column":21}},"121":{"start":{"line":294,"column":4},"end":{"line":294,"column":16}},"122":{"start":{"line":303,"column":0},"end":{"line":317,"column":1}},"123":{"start":{"line":304,"column":4},"end":{"line":307,"column":5}},"124":{"start":{"line":305,"column":8},"end":{"line":305,"column":60}},"125":{"start":{"line":306,"column":8},"end":{"line":306,"column":21}},"126":{"start":{"line":308,"column":4},"end":{"line":311,"column":5}},"127":{"start":{"line":309,"column":8},"end":{"line":309,"column":60}},"128":{"start":{"line":310,"column":8},"end":{"line":310,"column":21}},"129":{"start":{"line":312,"column":4},"end":{"line":315,"column":5}},"130":{"start":{"line":313,"column":8},"end":{"line":313,"column":59}},"131":{"start":{"line":314,"column":8},"end":{"line":314,"column":21}},"132":{"start":{"line":316,"column":4},"end":{"line":316,"column":16}},"133":{"start":{"line":324,"column":0},"end":{"line":344,"column":1}},"134":{"start":{"line":325,"column":4},"end":{"line":325,"column":40}},"135":{"start":{"line":326,"column":4},"end":{"line":326,"column":20}},"136":{"start":{"line":328,"column":4},"end":{"line":341,"column":7}},"137":{"start":{"line":329,"column":8},"end":{"line":329,"column":33}},"138":{"start":{"line":330,"column":8},"end":{"line":330,"column":29}},"139":{"start":{"line":331,"column":8},"end":{"line":331,"column":58}},"140":{"start":{"line":333,"column":8},"end":{"line":333,"column":66}},"141":{"start":{"line":333,"column":51},"end":{"line":333,"column":64}},"142":{"start":{"line":335,"column":8},"end":{"line":338,"column":11}},"143":{"start":{"line":340,"column":8},"end":{"line":340,"column":20}},"144":{"start":{"line":343,"column":4},"end":{"line":343,"column":35}},"145":{"start":{"line":346,"column":0},"end":{"line":348,"column":1}},"146":{"start":{"line":347,"column":4},"end":{"line":347,"column":62}}},"branchMap":{"1":{"line":54,"type":"if","locations":[{"start":{"line":54,"column":4},"end":{"line":54,"column":4}},{"start":{"line":54,"column":4},"end":{"line":54,"column":4}}]},"2":{"line":54,"type":"binary-expr","locations":[{"start":{"line":54,"column":8},"end":{"line":54,"column":21}},{"start":{"line":54,"column":25},"end":{"line":54,"column":39}}]},"3":{"line":86,"type":"if","locations":[{"start":{"line":86,"column":44},"end":{"line":86,"column":44}},{"start":{"line":86,"column":44},"end":{"line":86,"column":44}}]},"4":{"line":96,"type":"cond-expr","locations":[{"start":{"line":96,"column":98},"end":{"line":96,"column":106}},{"start":{"line":96,"column":109},"end":{"line":96,"column":118}}]},"5":{"line":102,"type":"if","locations":[{"start":{"line":102,"column":36},"end":{"line":102,"column":36}},{"start":{"line":102,"column":36},"end":{"line":102,"column":36}}]},"6":{"line":104,"type":"cond-expr","locations":[{"start":{"line":105,"column":48},"end":{"line":105,"column":81}},{"start":{"line":106,"column":50},"end":{"line":106,"column":63}}]},"7":{"line":115,"type":"if","locations":[{"start":{"line":115,"column":32},"end":{"line":115,"column":32}},{"start":{"line":115,"column":32},"end":{"line":115,"column":32}}]},"8":{"line":127,"type":"cond-expr","locations":[{"start":{"line":127,"column":56},"end":{"line":127,"column":61}},{"start":{"line":127,"column":64},"end":{"line":127,"column":68}}]},"9":{"line":133,"type":"cond-expr","locations":[{"start":{"line":133,"column":76},"end":{"line":133,"column":79}},{"start":{"line":133,"column":82},"end":{"line":133,"column":96}}]},"10":{"line":139,"type":"if","locations":[{"start":{"line":139,"column":12},"end":{"line":139,"column":12}},{"start":{"line":139,"column":12},"end":{"line":139,"column":12}}]},"11":{"line":148,"type":"if","locations":[{"start":{"line":148,"column":24},"end":{"line":148,"column":24}},{"start":{"line":148,"column":24},"end":{"line":148,"column":24}}]},"12":{"line":152,"type":"if","locations":[{"start":{"line":152,"column":24},"end":{"line":152,"column":24}},{"start":{"line":152,"column":24},"end":{"line":152,"column":24}}]},"13":{"line":169,"type":"if","locations":[{"start":{"line":169,"column":4},"end":{"line":169,"column":4}},{"start":{"line":169,"column":4},"end":{"line":169,"column":4}}]},"14":{"line":169,"type":"binary-expr","locations":[{"start":{"line":169,"column":8},"end":{"line":169,"column":45}},{"start":{"line":169,"column":49},"end":{"line":169,"column":84}}]},"15":{"line":175,"type":"binary-expr","locations":[{"start":{"line":175,"column":19},"end":{"line":175,"column":31}},{"start":{"line":175,"column":35},"end":{"line":175,"column":66}}]},"16":{"line":177,"type":"if","locations":[{"start":{"line":177,"column":4},"end":{"line":177,"column":4}},{"start":{"line":177,"column":4},"end":{"line":177,"column":4}}]},"17":{"line":181,"type":"if","locations":[{"start":{"line":181,"column":4},"end":{"line":181,"column":4}},{"start":{"line":181,"column":4},"end":{"line":181,"column":4}}]},"18":{"line":188,"type":"if","locations":[{"start":{"line":188,"column":16},"end":{"line":188,"column":16}},{"start":{"line":188,"column":16},"end":{"line":188,"column":16}}]},"19":{"line":192,"type":"if","locations":[{"start":{"line":192,"column":16},"end":{"line":192,"column":16}},{"start":{"line":192,"column":16},"end":{"line":192,"column":16}}]},"20":{"line":211,"type":"if","locations":[{"start":{"line":211,"column":8},"end":{"line":211,"column":8}},{"start":{"line":211,"column":8},"end":{"line":211,"column":8}}]},"21":{"line":212,"type":"if","locations":[{"start":{"line":212,"column":12},"end":{"line":212,"column":12}},{"start":{"line":212,"column":12},"end":{"line":212,"column":12}}]},"22":{"line":235,"type":"if","locations":[{"start":{"line":235,"column":4},"end":{"line":235,"column":4}},{"start":{"line":235,"column":4},"end":{"line":235,"column":4}}]},"23":{"line":235,"type":"binary-expr","locations":[{"start":{"line":235,"column":8},"end":{"line":235,"column":13}},{"start":{"line":235,"column":17},"end":{"line":235,"column":41}}]},"24":{"line":248,"type":"if","locations":[{"start":{"line":248,"column":4},"end":{"line":248,"column":4}},{"start":{"line":248,"column":4},"end":{"line":248,"column":4}}]},"25":{"line":248,"type":"binary-expr","locations":[{"start":{"line":248,"column":8},"end":{"line":248,"column":18}},{"start":{"line":248,"column":22},"end":{"line":248,"column":51}}]},"26":{"line":249,"type":"if","locations":[{"start":{"line":249,"column":4},"end":{"line":249,"column":4}},{"start":{"line":249,"column":4},"end":{"line":249,"column":4}}]},"27":{"line":262,"type":"if","locations":[{"start":{"line":262,"column":4},"end":{"line":262,"column":4}},{"start":{"line":262,"column":4},"end":{"line":262,"column":4}}]},"28":{"line":262,"type":"binary-expr","locations":[{"start":{"line":262,"column":8},"end":{"line":262,"column":14}},{"start":{"line":262,"column":18},"end":{"line":262,"column":43}}]},"29":{"line":263,"type":"if","locations":[{"start":{"line":263,"column":4},"end":{"line":263,"column":4}},{"start":{"line":263,"column":4},"end":{"line":263,"column":4}}]},"30":{"line":263,"type":"binary-expr","locations":[{"start":{"line":263,"column":8},"end":{"line":263,"column":43}},{"start":{"line":263,"column":47},"end":{"line":263,"column":81}}]},"31":{"line":276,"type":"if","locations":[{"start":{"line":276,"column":4},"end":{"line":276,"column":4}},{"start":{"line":276,"column":4},"end":{"line":276,"column":4}}]},"32":{"line":276,"type":"binary-expr","locations":[{"start":{"line":276,"column":8},"end":{"line":276,"column":14}},{"start":{"line":276,"column":18},"end":{"line":276,"column":43}}]},"33":{"line":277,"type":"if","locations":[{"start":{"line":277,"column":4},"end":{"line":277,"column":4}},{"start":{"line":277,"column":4},"end":{"line":277,"column":4}}]},"34":{"line":277,"type":"binary-expr","locations":[{"start":{"line":277,"column":8},"end":{"line":277,"column":49}},{"start":{"line":277,"column":53},"end":{"line":277,"column":96}}]},"35":{"line":290,"type":"if","locations":[{"start":{"line":290,"column":4},"end":{"line":290,"column":4}},{"start":{"line":290,"column":4},"end":{"line":290,"column":4}}]},"36":{"line":290,"type":"binary-expr","locations":[{"start":{"line":290,"column":8},"end":{"line":290,"column":15}},{"start":{"line":290,"column":19},"end":{"line":290,"column":45}}]},"37":{"line":304,"type":"if","locations":[{"start":{"line":304,"column":4},"end":{"line":304,"column":4}},{"start":{"line":304,"column":4},"end":{"line":304,"column":4}}]},"38":{"line":304,"type":"binary-expr","locations":[{"start":{"line":304,"column":8},"end":{"line":304,"column":18}},{"start":{"line":304,"column":22},"end":{"line":304,"column":51}}]},"39":{"line":308,"type":"if","locations":[{"start":{"line":308,"column":4},"end":{"line":308,"column":4}},{"start":{"line":308,"column":4},"end":{"line":308,"column":4}}]},"40":{"line":308,"type":"binary-expr","locations":[{"start":{"line":308,"column":8},"end":{"line":308,"column":18}},{"start":{"line":308,"column":22},"end":{"line":308,"column":51}}]},"41":{"line":312,"type":"if","locations":[{"start":{"line":312,"column":4},"end":{"line":312,"column":4}},{"start":{"line":312,"column":4},"end":{"line":312,"column":4}}]},"42":{"line":331,"type":"binary-expr","locations":[{"start":{"line":331,"column":25},"end":{"line":331,"column":29}},{"start":{"line":331,"column":33},"end":{"line":331,"column":56}}]},"43":{"line":333,"type":"if","locations":[{"start":{"line":333,"column":8},"end":{"line":333,"column":8}},{"start":{"line":333,"column":8},"end":{"line":333,"column":8}}]},"44":{"line":343,"type":"cond-expr","locations":[{"start":{"line":343,"column":20},"end":{"line":343,"column":25}},{"start":{"line":343,"column":28},"end":{"line":343,"column":34}}]}},"code":["//#!/usr/bin/env node","","/**"," * Module dependencies"," */","var program  = require('commander');","var readline = require('readline');","var async    = require('async');","var generators = require('../lib/generators');","var cliStyles = require('../lib/cliStyles');","","var pkg = require('../package.json');","var version = pkg.version;","","var rl = readline.createInterface({","    input : process.stdin,","    output: process.stdout","});","","var ALLOWED_FIELDS_TYPES = ['string', 'number', 'date', 'boolean', 'array', 'objectId'];","var ALLOWED_REST_ARGUMENT = {'YES': 'yes', 'NO': 'no'};","var ALLOWED_FILE_TREE_ARGUMENT = {'TYPE': 't', 'MODULE': 'm'};","var CLI_PHRASES = {","    AVAILABLE_TYPE: 'Available types : string, number, date, boolean, array, objectId',","    QUESTION_MODEL_NAME: 'Model Name : ',","    QUESTION_FIELD_NAME: 'Field Name (press <return> to stop adding fields) : ',","    QUESTION_FIELD_TYPE: 'Field Type [string] : ',","    QUESTION_FIELD_REF: 'Reference (model name referred by the objectId field) : ',","    QUESTION_GENERATE_REST: 'Generate Rest (yes/no) ? [yes] : ',","    QUESTION_FILES_TREE: 'Files tree generation grouped by Type or by Module (t/m) ? [t] : ',","    ERROR_MODEL_NAME: 'Argument required : Model name',","    ERROR_TYPE_ARGUMENT: 'Invalid Argument : Field type is not allowed',","    ERROR_REST_ARGUMENT: 'Argument invalid : rest',","    ERROR_FILES_TREE_ARGUMENT: 'Argument invalid : file tree generation',","    ERROR_FIELD_REQUIRED: 'Argument required : fields',","    ERROR_FIELD_NAME_REQUIRED: 'Argument required : Field Name',","    ERROR_FIELD_TYPE_REQUIRED: 'Argument required : Field type',","    ERROR_FIELD_TYPE_INVALID: 'Invalid Argument : Field type is not allowed'","};","","// CLI","program","    .version(version)","    .usage('[options]')","    .option('-m, --model <modelName>', 'model name')","    .option('-f, --fields <fields>', 'model fields (name1:type1,name2:type2)')","    .option('-r, --rest', 'enable generation REST')","    .option('-t, --tree <tree>', 'files tree generation grouped by <t>ype or by <m>odule')","    .parse(process.argv)",";","","// Main program","(function (path) {","    if (program.model || program.fields) {","        runNonInteractiveMode(path);","    } else {","        runInteractiveMode(path);","    }","})('.');","","/**"," * Get parameters in interactive mode"," * @param {string} path destination path"," */","function runInteractiveMode (path) {","    async.series({","            name: function (cb) {","                askQuestion(CLI_PHRASES.QUESTION_MODEL_NAME, isModelNameParamValid, function (name) {","                    console.log(cliStyles.green + CLI_PHRASES.AVAILABLE_TYPE + cliStyles.reset);","                    cb(null, name);","                });","            },","            fields: function (cb) {","                var exit   = false;","                var fields = [];","                var currentField = {};","","                async.whilst(","                    function () { return !exit; },","                    function (cb) {","                        async.series({","                                name: function (cb) {","                                    askQuestion(CLI_PHRASES.QUESTION_FIELD_NAME,","                                        null,","                                        function (fieldName) {","                                            if (fieldName.trim().length === 0) {","                                                exit = true;","                                            }","                                            cb(exit, fieldName);","                                        }","                                    );","                                },","                                type: function (cb) {","                                    askQuestion(CLI_PHRASES.QUESTION_FIELD_TYPE, isFieldTypeParamValid,","                                        function (fieldType) {","                                            currentField.type = (fieldType.trim().length === 0) ? 'string' : fieldType;","                                            cb(null, currentField.type);","                                        }","                                    );","                                },","                                reference: function (cb) {","                                    if (currentField.type === 'objectId') {","                                        askQuestion(CLI_PHRASES.QUESTION_FIELD_REF, null, function (referenceName) {","                                            referenceName = (referenceName.trim().length === 0) ?","                                                'INSERT_YOUR_REFERENCE_NAME_HERE'","                                                : referenceName;","       
[...]
56},"end":{"line":92,"column":68}}},"10":{"name":"(anonymous_10)","line":97,"loc":{"start":{"line":97,"column":52},"end":{"line":97,"column":64}}}},"statementMap":{"1":{"start":{"line":4,"column":0},"end":{"line":4,"column":32}},"2":{"start":{"line":5,"column":0},"end":{"line":5,"column":43}},"3":{"start":{"line":15,"column":0},"end":{"line":33,"column":1}},"4":{"start":{"line":16,"column":4},"end":{"line":16,"column":68}},"5":{"start":{"line":17,"column":4},"end":{"line":17,"column":42}},"6":{"start":{"line":19,"column":4},"end":{"line":19,"column":48}},"7":{"start":{"line":20,"column":4},"end":{"line":20,"column":52}},"8":{"start":{"line":21,"column":4},"end":{"line":21,"column":55}},"9":{"start":{"line":22,"column":4},"end":{"line":22,"column":46}},"10":{"start":{"line":24,"column":4},"end":{"line":32,"column":5}},"11":{"start":{"line":25,"column":8},"end":{"line":27,"column":11}},"12":{"start":{"line":26,"column":12},"end":{"line":26,"column":86}},"13":{"start":{"line":29,"column":8},"end":{"line":31,"column":11}},"14":{"start":{"line":30,"column":12},"end":{"line":30,"column":97}},"15":{"start":{"line":42,"column":0},"end":{"line":57,"column":1}},"16":{"start":{"line":43,"column":4},"end":{"line":43,"column":50}},"17":{"start":{"line":44,"column":4},"end":{"line":44,"column":75}},"18":{"start":{"line":46,"column":4},"end":{"line":56,"column":5}},"19":{"start":{"line":47,"column":8},"end":{"line":50,"column":11}},"20":{"start":{"line":48,"column":12},"end":{"line":48,"column":110}},"21":{"start":{"line":49,"column":12},"end":{"line":49,"column":88}},"22":{"start":{"line":52,"column":8},"end":{"line":55,"column":11}},"23":{"start":{"line":53,"column":12},"end":{"line":53,"column":97}},"24":{"start":{"line":54,"column":12},"end":{"line":54,"column":99}},"25":{"start":{"line":67,"column":0},"end":{"line":102,"column":1}},"26":{"start":{"line":68,"column":4},"end":{"line":68,"column":58}},"27":{"start":{"line":70,"column":4},"end":{"line":70,"column":26}},"28":{"start":{"line":71,"column":4},"end":{"line":71,"column":28}},"29":{"start":{"line":73,"column":4},"end":{"line":82,"column":7}},"30":{"start":{"line":74,"column":8},"end":{"line":74,"column":27}},"31":{"start":{"line":76,"column":8},"end":{"line":77,"column":42}},"32":{"start":{"line":78,"column":8},"end":{"line":78,"column":35}},"33":{"start":{"line":80,"column":8},"end":{"line":80,"column":66}},"34":{"start":{"line":81,"column":8},"end":{"line":81,"column":69}},"35":{"start":{"line":84,"column":4},"end":{"line":84,"column":73}},"36":{"start":{"line":85,"column":4},"end":{"line":85,"column":58}},"37":{"start":{"line":86,"column":4},"end":{"line":86,"column":87}},"38":{"start":{"line":87,"column":4},"end":{"line":87,"column":83}},"39":{"start":{"line":88,"column":4},"end":{"line":88,"column":69}},"40":{"start":{"line":89,"column":4},"end":{"line":89,"column":69}},"41":{"start":{"line":91,"column":4},"end":{"line":101,"column":5}},"42":{"start":{"line":92,"column":8},"end":{"line":95,"column":11}},"43":{"start":{"line":93,"column":12},"end":{"line":93,"column":103}},"44":{"start":{"line":94,"column":12},"end":{"line":94,"column":101}},"45":{"start":{"line":97,"column":8},"end":{"line":100,"column":11}},"46":{"start":{"line":98,"column":12},"end":{"line":98,"column":95}},"47":{"start":{"line":99,"column":12},"end":{"line":99,"column":107}},"48":{"start":{"line":104,"column":0},"end":{"line":108,"column":2}}},"branchMap":{"1":{"line":24,"type":"if","locations":[{"start":{"line":24,"column":4},"end":{"line":24,"column":4}},{"start":{"line":24,"column":4},"end":{"line":24,"column":4}}]},"2":{"line":46,"type":"if","locations":[{"start":{"line":46,"column":4},"end":{"line":46,"column":4}},{"start":{"line":46,"column":4},"end":{"line":46,"column":4}}]},"3":{"line":81,"type":"cond-expr","locations":[{"start":{"line":81,"column":56},"end":{"line":81,"column":61}},{"start":{"line":81,"column":64},"end":{"line":81,"column":68}}]},"4":{"line":91,"type":"if","locations":[{"start":{"line":91,"column":4},"end":{"line":91,"column":4}},{"start":{"line":91,"column":4},"end":{"line":91,"column":4}}]}},"code":["/**"," * Module dependencies"," */","var ft = require('./fileTools');","var formatTools = require('./formatTools');","","/**"," * Generate a Mongoose model"," * @param {string} path"," * @param {string} modelName"," * @param {array} modelFields"," * @param {string} generateMethod"," * @param {function} cb"," */","function generateModel(path, modelName, modelFields, generateMethod, cb) {","    var fields = formatTools.getFieldsForModelTemplate(modelFields);","    var schemaName = modelName + 'Schema';","","    var model = ft.loadTemplateSync('model.js');","    model = model.replace(/{modelName}/, modelName);","    model = model.replace(/{schemaName}/g, schemaName);","    model = model.replace(/{fields}/, fields);","","    if (generateMethod == 't') {","        ft.createDirIfIsNotDefined(path, 'models', function () {","            ft.writeFile(path + '/models/' + modelName + 'Model.js', model, null, cb);","        });","    } else {","        ft.createDirIfIsNotDefined(path, modelName, function () {","            ft.writeFile(path + '/' + modelName + '/' + modelName + 'Model.js', model, null, cb);","        });","    }","}","","/**"," * Generate a Express router"," * @param {string} path"," * @param {string} modelName"," * @param {string} generateMethod"," * @param {function} cb"," */","function generateRouter(path, modelName, generateMethod, cb) {","    var router = ft.loadTemplateSync('router.js');","    router = router.replace(/{controllerName}/g, modelName + 'Controller');","","    if (generateMethod == 't') {","        ft.createDirIfIsNotDefined(path, 'routes', function () {","            router = router.replace(/{controllerPath}/g, '\\'../controllers/' + modelName + 'Controller.js\\'');","            ft.writeFile(path + '/routes/' + modelName + 'Routes.js', router, null, cb);","        });","    } else {","        ft.createDirIfIsNotDefined(path, modelName, function () {","            router = router.replace(/{controllerPath}/g, '\\'./' + modelName + 'Controller.js\\'');","            ft.writeFile(path + '/' + modelName + '/' + modelName + 'Routes.js', router, null, cb);","        });","    }","}","","/**"," * Generate Controller"," * @param {string} path"," * @param {string} modelName"," * @param {array} modelFields"," * @param {string} generateMethod"," * @param {function} cb"," */","function generateController(path, modelName, modelFields, generateMethod, cb) {","    var controller = ft.loadTemplateSync('controller.js');","","    var updateFields = '';","    var createFields = '\\r';","","    modelFields.forEach(function (f, index, fields) {","        var field = f.name;","","        updateFields += modelName + '.' + field + ' = req.body.' + field + ' ? req.body.' + field + ' : ' +","            modelName + '.' + field + ';';","        updateFields += '\\r\\t\\t\\t';","","        createFields += '\\t\\t\\t' + field + ' : req.body.' + field;","        createFields += ((fields.length - 1) > index) ? ',\\r' : '\\r';","    });","","    controller = controller.replace(/{modelName}/g, modelName + 'Model');","    controller = controller.replace(/{name}/g, modelName);","    controller = controller.replace(/{pluralName}/g, formatTools.pluralize(modelName));","    controller = controller.replace(/{controllerName}/g, modelName + 'Controller');","    controller = controller.replace(/{createFields}/g, createFields);","    controller = controller.replace(/{updateFields}/g, updateFields);","","    if (generateMethod == 't') {","        ft.createDirIfIsNotDefined(path, 'controllers', function () {","            controller = controller.replace(/{modelPath}/g, '\\'../models/' + modelName + 'Model.js\\'');","            ft.writeFile(path + '/controllers/' + modelName + 'Controller.js', controller, null, cb);","        });","    } else {","        ft.createDirIfIsNotDefined(path, modelName, function () {","            controller = controller.replace(/{modelPath}/g, '\\'./' + modelName + 'Model.js\\'');","            ft.writeFile(path + '/' + modelName + '/' + modelName + 'Controller.js', controller, null, cb);","        });","    }","}","","module.exports = {","    generateModel: generateModel,","    generateRouter: generateRouter,","    generateController: generateController","};",""],"l":{"4":1,"5":1,"15":1,"16":0,"17":0,"19":0,"20":0,"21":0,"22":0,"24":0,"25":0,"26":0,"29":0,"30":0,"42":1,"43":0,"44":0,"46":0,"47":0,"48":0,"49":0,"52":0,"53":0,"54":0,"67":1,"68":0,"70":0,"71":0,"73":0,"74":0,"76":0,"78":0,"80":0,"81":0,"84":0,"85":0,"86":0,"87":0,"88":0,"89":0,"91":0,"92":0,"93":0,"94":0,"97":0,"98":0,"99":0,"104":1}},"/home/travis/build/npmtest/node-npmtest-express-mongoose-generator/node_modules/express-mongoose-generator/lib/fileTools.js":{"path":"/home/travis/build/npmtest/node-npmtest-express-mongoose-generator/node_modules/express-mongoose-generator/lib/fileTools.js","s":{"1":1,"2":1,"3":1,"4":1,"5":0,"6":0,"7":0,"8":0,"9":1,"10":0,"11":0,"12":0,"13":0,"14":0,"15":1,"16":0,"17":1},"b":{"1":[0,0],"2":[0,0],"3":[0,0]},"f":{"1":0,"2":0,"3":0,"4":0},"fnMap":{"1":{"name":"createDirIfIsNotDefined","line":14,"loc":{"start":{"line":14,"column":0},"end":{"line":14,"column":55}}},"2":{"name":"writeFile","line":30,"loc":{"start":{"line":30,"column":0},"end":{"line":30,"column":45}}},"3":{"name":"(anonymous_3)","line":31,"loc":{"start":{"line":31,"column":55},"end":{"line":31,"column":70}}},"4":{"name":"loadTemplateSync","line":43,"loc":{"start":{"line":43,"column":0},"end":{"line":43,"column":32}}}},"statementMap":{"1":{"start":{"line":4,"column":0},"end":{"line":4,"column":25}},"2":{"start":{"line":5,"column":0},"end":{"line":5,"column":27}},"3":{"start":{"line":6,"column":0},"end":{"line":6,"column":39}},"4":{"start":{"line":14,"column":0},"end":{"line":21,"column":1}},"5":{"start":{"line":15,"column":4},"end":{"line":18,"column":5}},"6":{"start":{"line":16,"column":8},"end":{"line":16,"column":46}},"7":{"start":{"line":17,"column":8},"end":{"line":17,"column":101}},"8":{"start":{"line":20,"column":4},"end":{"line":20,"column":9}},"9":{"start":{"line":30,"column":0},"end":{"line":36,"column":1}},"10":{"start":{"line":31,"column":4},"end":{"line":35,"column":7}},"11":{"start":{"line":32,"column":8},"end":{"line":32,"column":31}},"12":{"start":{"line":32,"column":19},"end":{"line":32,"column":29}},"13":{"start":{"line":33,"column":8},"end":{"line":33,"column":82}},"14":{"start":{"line":34,"column":8},"end":{"line":34,"column":13}},"15":{"start":{"line":43,"column":0},"end":{"line":45,"column":1}},"16":{"start":{"line":44,"column":4},"end":{"line":44,"column":83}},"17":{"start":{"line":47,"column":0},"end":{"line":51,"column":2}}},"branchMap":{"1":{"line":15,"type":"if","locations":[{"start":{"line":15,"column":4},"end":{"line":15,"column":4}},{"start":{"line":15,"column":4},"end":{"line":15,"column":4}}]},"2":{"line":31,"type":"binary-expr","locations":[{"start":{"line":31,"column":40},"end":{"line":31,"column":44}},{"start":{"line":31,"column":48},"end":{"line":31,"column":52}}]},"3":{"line":32,"type":"if","locations":[{"start":{"line":32,"column":8},"end":{"line":32,"column":8}},{"start":{"line":32,"column":8},"end":{"line":32,"column":8}}]}},"code":["/**"," * Module dependencies"," */","var fs   = require('fs');","var path = require('path');","var cliStyles = require('./cliStyles');","","/**"," * Create a directory if not defined"," * @param {string} dirPath directory path parent"," * @param {string} dirName directory name to find"," * @param {function} cb callback"," */","function createDirIfIsNotDefined(dirPath, dirName, cb) {","    if (!fs.existsSync(dirPath + '/' + dirName)){","        fs.mkdirSync(dirPath + '/' + dirName);","        console.info(cliStyles.cyan + '\\tcreate' + cliStyles.reset + ': ' + dirPath + '/' + dirName);","    }","","    cb();","}","","/**"," * Write a file"," * @param {string} path file path to write"," * @param {string} contents file contents to write"," * @param {int} mode write mode"," * @param {function} cb callback"," */","function writeFile(path, contents, mode, cb) {","    fs.writeFile(path, contents, {mode: mode || 0666}, function (err) {","        if (err) { throw err; }","        console.info(cliStyles.cyan + '\\tcreate' + cliStyles.reset + ': ' + path);","        cb();","    });","}","","/**"," * Load a template"," * @param {string} name template name"," * @returns {string} template contents"," */","function loadTemplateSync(name) {","    return fs.readFileSync(path.join(__dirname, '..', 'templates', name), 'utf-8');","}","","module.exports = {","    createDirIfIsNotDefined: createDirIfIsNotDefined,","    writeFile: writeFile,","    loadTemplateSync: loadTemplateSync","};",""],"l":{"4":1,"5":1,"6":1,"14":1,"15":0,"16":0,"17":0,"20":0,"30":1,"31":0,"32":0,"33":0,"34":0,"43":1,"44":0,"47":1}},"/home/travis/build/npmtest/node-npmtest-express-mongoose-generator/node_modules/express-mongoose-generator/lib/cliStyles.js":{"path":"/home/travis/build/npmtest/node-npmtest-express-mongoose-generator/node_modules/express-mongoose-generator/lib/cliStyles.js","s":{"1":1},"b":{},"f":{},"fnMap":{},"statementMap":{"1":{"start":{"line":1,"column":0},"end":{"line":6,"column":2}}},"branchMap":{},"code":["module.exports = {","    reset: '\\u001b[39m',","    cyan: '\\u001b[36m',","    red: '\\u001b[31m',","    green: '\\u001b[32m'","};",""],"l":{"1":1}},"/home/travis/build/npmtest/node-npmtest-express-mongoose-generator/node_modules/express-mongoose-generator/lib/formatTools.js":{"path":"/home/travis/build/npmtest/node-npmtest-express-mongoose-generator/node_modules/express-mongoose-generator/lib/formatTools.js","s":{"1":1,"2":1,"3":1,"4":0,"5":0,"6":0,"7":0,"8":0,"9":0,"10":0,"11":0,"12":0,"13":1,"14":0,"15":1},"b":{"1":[0,0],"2":[0,0]},"f":{"1":0,"2":0,"3":0},"fnMap":{"1":{"name":"getFieldsForModelTemplate","line":16,"loc":{"start":{"line":16,"column":0},"end":{"line":16,"column":43}}},"2":{"name":"(anonymous_2)","line":20,"loc":{"start":{"line":20,"column":19},"end":{"line":20,"column":49}}},"3":{"name":"pluralize","line":37,"loc":{"start":{"line":37,"column":0},"end":{"line":37,"column":25}}}},"statementMap":{"1":{"start":{"line":1,"column":0},"end":{"line":1,"column":63}},"2":{"start":{"line":2,"column":0},"end":{"line":9,"column":2}},"3":{"start":{"line":16,"column":0},"end":{"line":30,"column":1}},"4":{"start":{"line":17,"column":4},"end":{"line":17,"column":31}},"5":{"start":{"line":19,"column":4},"end":{"line":19,"column":28}},"6":{"start":{"line":20,"column":4},"end":{"line":26,"column":7}},"7":{"start":{"line":21,"column":8},"end":{"line":21,"column":93}},"8":{"start":{"line":22,"column":8},"end":{"line":22,"column":51}},"9":{"start":{"line":23,"column":8},"end":{"line":25,"column":9}},"10":{"start":{"line":24,"column":12},"end":{"line":24,"column":72}},"11":{"start":{"line":27,"column":4},"end":{"line":27,"column":23}},"12":{"start":{"line":29,"column":4},"end":{"line":29,"column":23}},"13":{"start":{"line":37,"column":0},"end":{"line":39,"column":1}},"14":{"start":{"line":38,"column":4},"end":{"line":38,"column":22}},"15":{"start":{"line":41,"column":0},"end":{"line":44,"column":2}}},"branchMap":{"1":{"line":22,"type":"cond-expr","locations":[{"start":{"line":22,"column":38},"end":{"line":22,"column":43}},{"start":{"line":22,"column":46},"end":{"line":22,"column":50}}]},"2":{"line":23,"type":"if","locations":[{"start":{"line":23,"column":8},"end":{"line":23,"column":8}},{"start":{"line":23,"column":8},"end":{"line":23,"column":8}}]}},"code":["var referenceType = require('../templates/fieldReferenceType');","var allowedFieldsTypes = {","    'string'  : String,","    'number'  : Number,","    'date'    : Date,","    'boolean' : Boolean,","    'array'   : Array,","    'objectId': referenceType","};","","/**"," * Format the fields for the model template"," * @param {array} fields fields input"," * @returns {string} formatted fields"," */","function getFieldsForModelTemplate(fields) {","    var lg = fields.length - 1;","","    var modelFields = '{\\r';","    fields.forEach(function(field, index, array) {","        modelFields += '\\t\\'' + field.name + '\\' : ' + (allowedFieldsTypes[field.type]).name;","        modelFields += (lg > index) ? ',\\r' : '\\r';","        if (field.reference) {","            modelFields = modelFields.replace(/{ref}/, field.reference);","        }","    });","    modelFields += '}';","","    return modelFields;","}","","/**"," * Puts a word in the plural"," * @param {string} word"," * @returns {string}"," */","function pluralize(word) {","    return word + 's';","}","","module.exports = {","    getFieldsForModelTemplate: getFieldsForModelTemplate,","    pluralize: pluralize","};",""],"l":{"1":1,"2":1,"16":1,"17":0,"19":0,"20":0,"21":0,"22":0,"23":0,"24":0,"27":0,"29":0,"37":1,"38":0,"41":1}},"/home/travis/build/npmtest/node-npmtest-express-mongoose-generator/node_modules/express-mongoose-generator/templates/fieldReferenceType.js":{"path":"/home/travis/build/npmtest/node-npmtest-express-mongoose-generator/node_modules/express-mongoose-generator/templates/fieldReferenceType.js","s":{"1":1,"2":1},"b":{},"f":{},"fnMap":{},"statementMap":{"1":{"start":{"line":2,"column":0},"end":{"line":7,"column":2}},"2":{"start":{"line":9,"column":0},"end":{"line":9,"column":26}}},"branchMap":{},"code":["","var objectId = {","    name: '{\\r' +","    '\\t \\ttype: Schema.Types.ObjectId,\\r' +","    '\\t \\tref: \\'{ref}\\'\\r' +","    '\\t}'","};","","module.exports = objectId;",""],"l":{"2":1,"9":1}},"/home/travis/build/npmtest/node-npmtest-express-mongoose-generator/node_modules/express-mongoose-generator/templates/model.js":{"path":"/home/travis/build/npmtest/node-npmtest-express-mongoose-generator/node_modules/express-mongoose-generator/templates/model.js","s":{"1":2,"2":0,"3":0,"4":0},"b":{},"f":{},"fnMap":{},"statementMap":{"1":{"start":{"line":1,"column":0},"end":{"line":1,"column":35}},"2":{"start":{"line":2,"column":0},"end":{"line":2,"column":31}},"3":{"start":{"line":4,"column":0},"end":{"line":4,"column":40}},"4":{"start":{"line":6,"column":0},"end":{"line":6,"column":61}}},"branchMap":{},"code":["var mongoose = require('mongoose');","var Schema   = mongoose.Schema;","","var {schemaName} = new Schema({fields});","","module.exports = mongoose.model('{modelName}', {schemaName});",""],"l":{"1":2,"2":0,"4":0,"6":0}},"/home/travis/build/npmtest/node-npmtest-express-mongoose-generator/node_modules/express-mongoose-generator/templates/router.js":{"path":"/home/travis/build/npmtest/node-npmtest-express-mongoose-generator/node_modules/express-mongoose-generator/templates/router.js","s":{"1":2,"2":0,"3":0,"4":0,"5":0,"6":0,"7":0,"8":0,"9":0},"b":{},"f":{},"fnMap":{},"statementMap":{"1":{"start":{"line":1,"column":0},"end":{"line":1,"column":33}},"2":{"start":{"line":2,"column":0},"end":{"line":2,"column":30}},"3":{"start":{"line":3,"column":0},"end":{"line":3,"column":49}},"4":{"start":{"line":8,"column":0},"end":{"line":8,"column":39}},"5":{"start":{"line":13,"column":0},"end":{"line":13,"column":42}},"6":{"start":{"line":18,"column":0},"end":{"line":18,"column":42}},"7":{"start":{"line":23,"column":0},"end":{"line":23,"column":44}},"8":{"start":{"line":28,"column":0},"end":{"line":28,"column":47}},"9":{"start":{"line":30,"column":0},"end":{"line":30,"column":24}}},"branchMap":{},"code":["var express = require('express');","var router = express.Router();","var {controllerName} = require({controllerPath});","","/*"," * GET"," */","router.get('/', {controllerName}.list);","","/*"," * GET"," */","router.get('/:id', {controllerName}.show);","","/*"," * POST"," */","router.post('/', {controllerName}.create);","","/*"," * PUT"," */","router.put('/:id', {controllerName}.update);","","/*"," * DELETE"," */","router.delete('/:id', {controllerName}.remove);","","module.exports = router;",""],"l":{"1":2,"2":0,"3":0,"8":0,"13":0,"18":0,"23":0,"28":0,"30":0}}}